[debug] [2025-06-06T03:06:47.400Z] ----------------------------------------------------------------------
[debug] [2025-06-06T03:06:47.402Z] Command:       /usr/local/share/nvm/versions/node/v20.19.0/bin/node /home/codespace/nvm/current/bin/firebase deploy --only functions:ping
[debug] [2025-06-06T03:06:47.402Z] CLI Version:   14.5.1
[debug] [2025-06-06T03:06:47.402Z] Platform:      linux
[debug] [2025-06-06T03:06:47.402Z] Node Version:  v20.19.0
[debug] [2025-06-06T03:06:47.402Z] Time:          Fri Jun 06 2025 03:06:47 GMT+0000 (Coordinated Universal Time)
[debug] [2025-06-06T03:06:47.403Z] Env Overrides: GITHUB_API_URL, GITHUB_API_URL
[debug] [2025-06-06T03:06:47.403Z] ----------------------------------------------------------------------
[debug] 
[debug] [2025-06-06T03:06:47.660Z] > command requires scopes: ["email","openid","https://www.googleapis.com/auth/cloudplatformprojects.readonly","https://www.googleapis.com/auth/firebase","https://www.googleapis.com/auth/cloud-platform"]
[debug] [2025-06-06T03:06:47.660Z] > authorizing via signed-in user (mainstop3@gmail.com)
[debug] [2025-06-06T03:06:47.660Z] [iam] checking project yt-summary-app for permissions ["cloudfunctions.functions.create","cloudfunctions.functions.delete","cloudfunctions.functions.get","cloudfunctions.functions.list","cloudfunctions.functions.update","cloudfunctions.operations.get","firebase.projects.get"]
[debug] [2025-06-06T03:06:47.661Z] Checked if tokens are valid: true, expires at: 1749181092242
[debug] [2025-06-06T03:06:47.661Z] Checked if tokens are valid: true, expires at: 1749181092242
[debug] [2025-06-06T03:06:47.662Z] >>> [apiv2][query] POST https://cloudresourcemanager.googleapis.com/v1/projects/yt-summary-app:testIamPermissions [none]
[debug] [2025-06-06T03:06:47.662Z] >>> [apiv2][(partial)header] POST https://cloudresourcemanager.googleapis.com/v1/projects/yt-summary-app:testIamPermissions x-goog-quota-user=projects/yt-summary-app
[debug] [2025-06-06T03:06:47.662Z] >>> [apiv2][body] POST https://cloudresourcemanager.googleapis.com/v1/projects/yt-summary-app:testIamPermissions {"permissions":["cloudfunctions.functions.create","cloudfunctions.functions.delete","cloudfunctions.functions.get","cloudfunctions.functions.list","cloudfunctions.functions.update","cloudfunctions.operations.get","firebase.projects.get"]}
[debug] [2025-06-06T03:06:48.720Z] <<< [apiv2][status] POST https://cloudresourcemanager.googleapis.com/v1/projects/yt-summary-app:testIamPermissions 200
[debug] [2025-06-06T03:06:48.720Z] <<< [apiv2][body] POST https://cloudresourcemanager.googleapis.com/v1/projects/yt-summary-app:testIamPermissions {"permissions":["cloudfunctions.functions.create","cloudfunctions.functions.delete","cloudfunctions.functions.get","cloudfunctions.functions.list","cloudfunctions.functions.update","cloudfunctions.operations.get","firebase.projects.get"]}
[debug] [2025-06-06T03:06:48.721Z] Checked if tokens are valid: true, expires at: 1749181092242
[debug] [2025-06-06T03:06:48.721Z] Checked if tokens are valid: true, expires at: 1749181092242
[debug] [2025-06-06T03:06:48.721Z] >>> [apiv2][query] POST https://iam.googleapis.com/v1/projects/yt-summary-app/serviceAccounts/yt-summary-app@appspot.gserviceaccount.com:testIamPermissions [none]
[debug] [2025-06-06T03:06:48.721Z] >>> [apiv2][body] POST https://iam.googleapis.com/v1/projects/yt-summary-app/serviceAccounts/yt-summary-app@appspot.gserviceaccount.com:testIamPermissions {"permissions":["iam.serviceAccounts.actAs"]}
[debug] [2025-06-06T03:06:49.978Z] <<< [apiv2][status] POST https://iam.googleapis.com/v1/projects/yt-summary-app/serviceAccounts/yt-summary-app@appspot.gserviceaccount.com:testIamPermissions 200
[debug] [2025-06-06T03:06:49.979Z] <<< [apiv2][body] POST https://iam.googleapis.com/v1/projects/yt-summary-app/serviceAccounts/yt-summary-app@appspot.gserviceaccount.com:testIamPermissions {"permissions":["iam.serviceAccounts.actAs"]}
[info] 
[info] === Deploying to 'yt-summary-app'...
[info] 
[info] i  deploying functions 
[info] Running command: npm --prefix "${RESOURCE_DIR}" run build
[info] ✔  functions: Finished running predeploy script. 
[debug] [2025-06-06T03:06:58.189Z] Checked if tokens are valid: true, expires at: 1749181092242
[debug] [2025-06-06T03:06:58.189Z] Checked if tokens are valid: true, expires at: 1749181092242
[debug] [2025-06-06T03:06:58.190Z] >>> [apiv2][query] GET https://serviceusage.googleapis.com/v1/projects/yt-summary-app/services/cloudresourcemanager.googleapis.com [none]
[debug] [2025-06-06T03:06:58.190Z] >>> [apiv2][(partial)header] GET https://serviceusage.googleapis.com/v1/projects/yt-summary-app/services/cloudresourcemanager.googleapis.com x-goog-quota-user=projects/yt-summary-app
[debug] [2025-06-06T03:06:59.537Z] <<< [apiv2][status] GET https://serviceusage.googleapis.com/v1/projects/yt-summary-app/services/cloudresourcemanager.googleapis.com 200
[debug] [2025-06-06T03:06:59.537Z] <<< [apiv2][body] GET https://serviceusage.googleapis.com/v1/projects/yt-summary-app/services/cloudresourcemanager.googleapis.com [omitted]
[debug] [2025-06-06T03:06:59.537Z] Checked if tokens are valid: true, expires at: 1749181092242
[debug] [2025-06-06T03:06:59.537Z] Checked if tokens are valid: true, expires at: 1749181092242
[debug] [2025-06-06T03:06:59.537Z] >>> [apiv2][query] GET https://cloudresourcemanager.googleapis.com/v1/projects/yt-summary-app [none]
[debug] [2025-06-06T03:07:00.569Z] <<< [apiv2][status] GET https://cloudresourcemanager.googleapis.com/v1/projects/yt-summary-app 200
[debug] [2025-06-06T03:07:00.569Z] <<< [apiv2][body] GET https://cloudresourcemanager.googleapis.com/v1/projects/yt-summary-app {"projectNumber":"852027251434","projectId":"yt-summary-app","lifecycleState":"ACTIVE","name":"yt-summary-app","labels":{"firebase":"enabled","firebase-core":"disabled"},"createTime":"2025-06-03T08:40:34.041330Z"}
[info] i  functions: preparing codebase default for deployment 
[info] i  functions: ensuring required API cloudfunctions.googleapis.com is enabled... 
[debug] [2025-06-06T03:07:00.570Z] Checked if tokens are valid: true, expires at: 1749181092242
[debug] [2025-06-06T03:07:00.570Z] Checked if tokens are valid: true, expires at: 1749181092242
[debug] [2025-06-06T03:07:00.570Z] Checked if tokens are valid: true, expires at: 1749181092242
[debug] [2025-06-06T03:07:00.570Z] Checked if tokens are valid: true, expires at: 1749181092242
[info] i  functions: ensuring required API cloudbuild.googleapis.com is enabled... 
[debug] [2025-06-06T03:07:00.570Z] Checked if tokens are valid: true, expires at: 1749181092242
[debug] [2025-06-06T03:07:00.570Z] Checked if tokens are valid: true, expires at: 1749181092242
[info] i  artifactregistry: ensuring required API artifactregistry.googleapis.com is enabled... 
[debug] [2025-06-06T03:07:00.571Z] Checked if tokens are valid: true, expires at: 1749181092242
[debug] [2025-06-06T03:07:00.571Z] Checked if tokens are valid: true, expires at: 1749181092242
[debug] [2025-06-06T03:07:00.571Z] >>> [apiv2][query] GET https://serviceusage.googleapis.com/v1/projects/yt-summary-app/services/cloudfunctions.googleapis.com [none]
[debug] [2025-06-06T03:07:00.571Z] >>> [apiv2][(partial)header] GET https://serviceusage.googleapis.com/v1/projects/yt-summary-app/services/cloudfunctions.googleapis.com x-goog-quota-user=projects/yt-summary-app
[debug] [2025-06-06T03:07:00.571Z] >>> [apiv2][query] GET https://serviceusage.googleapis.com/v1/projects/yt-summary-app/services/runtimeconfig.googleapis.com [none]
[debug] [2025-06-06T03:07:00.571Z] >>> [apiv2][(partial)header] GET https://serviceusage.googleapis.com/v1/projects/yt-summary-app/services/runtimeconfig.googleapis.com x-goog-quota-user=projects/yt-summary-app
[debug] [2025-06-06T03:07:00.573Z] >>> [apiv2][query] GET https://serviceusage.googleapis.com/v1/projects/yt-summary-app/services/cloudbuild.googleapis.com [none]
[debug] [2025-06-06T03:07:00.573Z] >>> [apiv2][(partial)header] GET https://serviceusage.googleapis.com/v1/projects/yt-summary-app/services/cloudbuild.googleapis.com x-goog-quota-user=projects/yt-summary-app
[debug] [2025-06-06T03:07:00.575Z] >>> [apiv2][query] GET https://serviceusage.googleapis.com/v1/projects/yt-summary-app/services/artifactregistry.googleapis.com [none]
[debug] [2025-06-06T03:07:00.575Z] >>> [apiv2][(partial)header] GET https://serviceusage.googleapis.com/v1/projects/yt-summary-app/services/artifactregistry.googleapis.com x-goog-quota-user=projects/yt-summary-app
[debug] [2025-06-06T03:07:00.895Z] <<< [apiv2][status] GET https://serviceusage.googleapis.com/v1/projects/yt-summary-app/services/cloudfunctions.googleapis.com 200
[debug] [2025-06-06T03:07:00.895Z] <<< [apiv2][body] GET https://serviceusage.googleapis.com/v1/projects/yt-summary-app/services/cloudfunctions.googleapis.com [omitted]
[info] ✔  functions: required API cloudfunctions.googleapis.com is enabled 
[debug] [2025-06-06T03:07:01.863Z] <<< [apiv2][status] GET https://serviceusage.googleapis.com/v1/projects/yt-summary-app/services/runtimeconfig.googleapis.com 200
[debug] [2025-06-06T03:07:01.863Z] <<< [apiv2][body] GET https://serviceusage.googleapis.com/v1/projects/yt-summary-app/services/runtimeconfig.googleapis.com [omitted]
[debug] [2025-06-06T03:07:01.881Z] <<< [apiv2][status] GET https://serviceusage.googleapis.com/v1/projects/yt-summary-app/services/artifactregistry.googleapis.com 200
[debug] [2025-06-06T03:07:01.881Z] <<< [apiv2][body] GET https://serviceusage.googleapis.com/v1/projects/yt-summary-app/services/artifactregistry.googleapis.com [omitted]
[info] ✔  artifactregistry: required API artifactregistry.googleapis.com is enabled 
[debug] [2025-06-06T03:07:01.893Z] <<< [apiv2][status] GET https://serviceusage.googleapis.com/v1/projects/yt-summary-app/services/cloudbuild.googleapis.com 200
[debug] [2025-06-06T03:07:01.893Z] <<< [apiv2][body] GET https://serviceusage.googleapis.com/v1/projects/yt-summary-app/services/cloudbuild.googleapis.com [omitted]
[info] ✔  functions: required API cloudbuild.googleapis.com is enabled 
[debug] [2025-06-06T03:07:01.894Z] Checked if tokens are valid: true, expires at: 1749181092242
[debug] [2025-06-06T03:07:01.894Z] Checked if tokens are valid: true, expires at: 1749181092242
[debug] [2025-06-06T03:07:01.894Z] >>> [apiv2][query] GET https://firebase.googleapis.com/v1beta1/projects/yt-summary-app/adminSdkConfig [none]
[debug] [2025-06-06T03:07:02.207Z] <<< [apiv2][status] GET https://firebase.googleapis.com/v1beta1/projects/yt-summary-app/adminSdkConfig 200
[debug] [2025-06-06T03:07:02.207Z] <<< [apiv2][body] GET https://firebase.googleapis.com/v1beta1/projects/yt-summary-app/adminSdkConfig {"projectId":"yt-summary-app","storageBucket":"yt-summary-app.firebasestorage.app"}
[debug] [2025-06-06T03:07:02.208Z] Checked if tokens are valid: true, expires at: 1749181092242
[debug] [2025-06-06T03:07:02.208Z] Checked if tokens are valid: true, expires at: 1749181092242
[debug] [2025-06-06T03:07:02.208Z] >>> [apiv2][query] GET https://runtimeconfig.googleapis.com/v1beta1/projects/yt-summary-app/configs [none]
[debug] [2025-06-06T03:07:02.627Z] <<< [apiv2][status] GET https://runtimeconfig.googleapis.com/v1beta1/projects/yt-summary-app/configs 200
[debug] [2025-06-06T03:07:02.627Z] <<< [apiv2][body] GET https://runtimeconfig.googleapis.com/v1beta1/projects/yt-summary-app/configs {}
[debug] [2025-06-06T03:07:02.629Z] Validating nodejs source
[debug] [2025-06-06T03:07:03.087Z] > [functions] package.json contents: {
  "name": "functions",
  "scripts": {
    "lint": "echo \"lint skipped\"",
    "build": "tsc",
    "build:watch": "tsc --watch",
    "serve": "npm run build && firebase emulators:start --only functions",
    "shell": "npm run build && firebase functions:shell",
    "start": "npm run shell",
    "deploy": "firebase deploy --only functions",
    "logs": "firebase functions:log"
  },
  "engines": {
    "node": "20"
  },
  "main": "lib/index.js",
  "dependencies": {
    "firebase-admin": "^12.6.0",
    "firebase-functions": "^6.0.1"
  },
  "devDependencies": {
    "@typescript-eslint/eslint-plugin": "^5.12.0",
    "@typescript-eslint/parser": "^5.12.0",
    "eslint": "^8.9.0",
    "eslint-config-google": "^0.14.0",
    "eslint-plugin-import": "^2.25.4",
    "firebase-functions-test": "^3.1.0",
    "typescript": "^5.7.3"
  },
  "private": true
}
[debug] [2025-06-06T03:07:03.088Z] Building nodejs source
[info] i  functions: Loading and analyzing source code for codebase default to determine what to deploy 
[debug] [2025-06-06T03:07:03.089Z] Could not find functions.yaml. Must use http discovery
[debug] [2025-06-06T03:07:03.093Z] Found firebase-functions binary at '/workspaces/yt-summary-app/functions/node_modules/.bin/firebase-functions'
[info] Serving at port 8564

[debug] [2025-06-06T03:07:03.747Z] Got response from /__/functions.yaml {"endpoints":{"ping":{"availableMemoryMb":null,"timeoutSeconds":null,"minInstances":null,"maxInstances":null,"ingressSettings":null,"concurrency":null,"serviceAccountEmail":null,"vpc":null,"platform":"gcfv2","labels":{},"httpsTrigger":{},"entryPoint":"ping"}},"specVersion":"v1alpha1","requiredAPIs":[],"extensions":{}}
[info] i  extensions: ensuring required API firebaseextensions.googleapis.com is enabled... 
[debug] [2025-06-06T03:07:07.777Z] Checked if tokens are valid: true, expires at: 1749181092242
[debug] [2025-06-06T03:07:07.777Z] Checked if tokens are valid: true, expires at: 1749181092242
[debug] [2025-06-06T03:07:07.778Z] >>> [apiv2][query] GET https://serviceusage.googleapis.com/v1/projects/yt-summary-app/services/firebaseextensions.googleapis.com [none]
[debug] [2025-06-06T03:07:07.778Z] >>> [apiv2][(partial)header] GET https://serviceusage.googleapis.com/v1/projects/yt-summary-app/services/firebaseextensions.googleapis.com x-goog-quota-user=projects/yt-summary-app
[debug] [2025-06-06T03:07:09.078Z] <<< [apiv2][status] GET https://serviceusage.googleapis.com/v1/projects/yt-summary-app/services/firebaseextensions.googleapis.com 200
[debug] [2025-06-06T03:07:09.078Z] <<< [apiv2][body] GET https://serviceusage.googleapis.com/v1/projects/yt-summary-app/services/firebaseextensions.googleapis.com [omitted]
[warn] ⚠  extensions: missing required API firebaseextensions.googleapis.com. Enabling now... 
[debug] [2025-06-06T03:07:09.079Z] Checked if tokens are valid: true, expires at: 1749181092242
[debug] [2025-06-06T03:07:09.079Z] Checked if tokens are valid: true, expires at: 1749181092242
[debug] [2025-06-06T03:07:09.079Z] >>> [apiv2][query] POST https://serviceusage.googleapis.com/v1/projects/yt-summary-app/services/firebaseextensions.googleapis.com:enable [none]
[debug] [2025-06-06T03:07:09.079Z] >>> [apiv2][(partial)header] POST https://serviceusage.googleapis.com/v1/projects/yt-summary-app/services/firebaseextensions.googleapis.com:enable x-goog-quota-user=projects/yt-summary-app
[debug] [2025-06-06T03:07:11.256Z] <<< [apiv2][status] POST https://serviceusage.googleapis.com/v1/projects/yt-summary-app/services/firebaseextensions.googleapis.com:enable 200
[debug] [2025-06-06T03:07:11.256Z] <<< [apiv2][body] POST https://serviceusage.googleapis.com/v1/projects/yt-summary-app/services/firebaseextensions.googleapis.com:enable [omitted]
[debug] [2025-06-06T03:07:21.260Z] Checked if tokens are valid: true, expires at: 1749181092242
[debug] [2025-06-06T03:07:21.260Z] Checked if tokens are valid: true, expires at: 1749181092242
[debug] [2025-06-06T03:07:21.260Z] >>> [apiv2][query] GET https://serviceusage.googleapis.com/v1/projects/yt-summary-app/services/firebaseextensions.googleapis.com [none]
[debug] [2025-06-06T03:07:21.260Z] >>> [apiv2][(partial)header] GET https://serviceusage.googleapis.com/v1/projects/yt-summary-app/services/firebaseextensions.googleapis.com x-goog-quota-user=projects/yt-summary-app
[debug] [2025-06-06T03:07:22.585Z] <<< [apiv2][status] GET https://serviceusage.googleapis.com/v1/projects/yt-summary-app/services/firebaseextensions.googleapis.com 200
[debug] [2025-06-06T03:07:22.585Z] <<< [apiv2][body] GET https://serviceusage.googleapis.com/v1/projects/yt-summary-app/services/firebaseextensions.googleapis.com [omitted]
[info] ✔  extensions: required API firebaseextensions.googleapis.com is enabled 
[debug] [2025-06-06T03:07:22.588Z] > command requires scopes: ["email","openid","https://www.googleapis.com/auth/cloudplatformprojects.readonly","https://www.googleapis.com/auth/firebase","https://www.googleapis.com/auth/cloud-platform"]
[debug] [2025-06-06T03:07:22.588Z] > authorizing via signed-in user (mainstop3@gmail.com)
[debug] [2025-06-06T03:07:22.588Z] [iam] checking project yt-summary-app for permissions ["firebase.projects.get","firebaseextensions.instances.list"]
[debug] [2025-06-06T03:07:22.588Z] Checked if tokens are valid: true, expires at: 1749181092242
[debug] [2025-06-06T03:07:22.588Z] Checked if tokens are valid: true, expires at: 1749181092242
[debug] [2025-06-06T03:07:22.588Z] >>> [apiv2][query] POST https://cloudresourcemanager.googleapis.com/v1/projects/yt-summary-app:testIamPermissions [none]
[debug] [2025-06-06T03:07:22.588Z] >>> [apiv2][(partial)header] POST https://cloudresourcemanager.googleapis.com/v1/projects/yt-summary-app:testIamPermissions x-goog-quota-user=projects/yt-summary-app
[debug] [2025-06-06T03:07:22.588Z] >>> [apiv2][body] POST https://cloudresourcemanager.googleapis.com/v1/projects/yt-summary-app:testIamPermissions {"permissions":["firebase.projects.get","firebaseextensions.instances.list"]}
[debug] [2025-06-06T03:07:23.561Z] <<< [apiv2][status] POST https://cloudresourcemanager.googleapis.com/v1/projects/yt-summary-app:testIamPermissions 200
[debug] [2025-06-06T03:07:23.561Z] <<< [apiv2][body] POST https://cloudresourcemanager.googleapis.com/v1/projects/yt-summary-app:testIamPermissions {"permissions":["firebase.projects.get","firebaseextensions.instances.list"]}
[debug] [2025-06-06T03:07:23.561Z] Checked if tokens are valid: true, expires at: 1749181092242
[debug] [2025-06-06T03:07:23.562Z] Checked if tokens are valid: true, expires at: 1749181092242
[debug] [2025-06-06T03:07:23.562Z] >>> [apiv2][query] GET https://firebaseextensions.googleapis.com/v1beta/projects/yt-summary-app/instances pageSize=100&pageToken=
[debug] [2025-06-06T03:07:26.002Z] <<< [apiv2][status] GET https://firebaseextensions.googleapis.com/v1beta/projects/yt-summary-app/instances 200
[debug] [2025-06-06T03:07:26.002Z] <<< [apiv2][body] GET https://firebaseextensions.googleapis.com/v1beta/projects/yt-summary-app/instances {}
[info] i  functions: preparing functions directory for uploading... 
[info] i  functions: packaged /workspaces/yt-summary-app/functions (89.43 KB) for uploading 
[debug] [2025-06-06T03:07:26.083Z] Checked if tokens are valid: true, expires at: 1749181092242
[debug] [2025-06-06T03:07:26.084Z] Checked if tokens are valid: true, expires at: 1749181092242
[debug] [2025-06-06T03:07:26.084Z] >>> [apiv2][query] GET https://cloudfunctions.googleapis.com/v1/projects/yt-summary-app/locations/-/functions [none]
[debug] [2025-06-06T03:07:26.840Z] <<< [apiv2][status] GET https://cloudfunctions.googleapis.com/v1/projects/yt-summary-app/locations/-/functions 200
[debug] [2025-06-06T03:07:26.840Z] <<< [apiv2][body] GET https://cloudfunctions.googleapis.com/v1/projects/yt-summary-app/locations/-/functions {}
[debug] [2025-06-06T03:07:26.840Z] Checked if tokens are valid: true, expires at: 1749181092242
[debug] [2025-06-06T03:07:26.840Z] Checked if tokens are valid: true, expires at: 1749181092242
[debug] [2025-06-06T03:07:26.841Z] >>> [apiv2][query] GET https://cloudfunctions.googleapis.com/v2/projects/yt-summary-app/locations/-/functions filter=environment%3D%22GEN_2%22
[debug] [2025-06-06T03:07:28.382Z] <<< [apiv2][status] GET https://cloudfunctions.googleapis.com/v2/projects/yt-summary-app/locations/-/functions 200
[debug] [2025-06-06T03:07:28.382Z] <<< [apiv2][body] GET https://cloudfunctions.googleapis.com/v2/projects/yt-summary-app/locations/-/functions {}
[info] i  functions: ensuring required API run.googleapis.com is enabled... 
[debug] [2025-06-06T03:07:28.384Z] Checked if tokens are valid: true, expires at: 1749181092242
[debug] [2025-06-06T03:07:28.384Z] Checked if tokens are valid: true, expires at: 1749181092242
[info] i  functions: ensuring required API eventarc.googleapis.com is enabled... 
[debug] [2025-06-06T03:07:28.384Z] Checked if tokens are valid: true, expires at: 1749181092242
[debug] [2025-06-06T03:07:28.384Z] Checked if tokens are valid: true, expires at: 1749181092242
[info] i  functions: ensuring required API pubsub.googleapis.com is enabled... 
[debug] [2025-06-06T03:07:28.384Z] Checked if tokens are valid: true, expires at: 1749181092242
[debug] [2025-06-06T03:07:28.384Z] Checked if tokens are valid: true, expires at: 1749181092242
[info] i  functions: ensuring required API storage.googleapis.com is enabled... 
[debug] [2025-06-06T03:07:28.385Z] Checked if tokens are valid: true, expires at: 1749181092242
[debug] [2025-06-06T03:07:28.385Z] Checked if tokens are valid: true, expires at: 1749181092242
[debug] [2025-06-06T03:07:28.385Z] >>> [apiv2][query] GET https://serviceusage.googleapis.com/v1/projects/852027251434/services/run.googleapis.com [none]
[debug] [2025-06-06T03:07:28.385Z] >>> [apiv2][(partial)header] GET https://serviceusage.googleapis.com/v1/projects/852027251434/services/run.googleapis.com x-goog-quota-user=projects/852027251434
[debug] [2025-06-06T03:07:28.387Z] >>> [apiv2][query] GET https://serviceusage.googleapis.com/v1/projects/852027251434/services/eventarc.googleapis.com [none]
[debug] [2025-06-06T03:07:28.387Z] >>> [apiv2][(partial)header] GET https://serviceusage.googleapis.com/v1/projects/852027251434/services/eventarc.googleapis.com x-goog-quota-user=projects/852027251434
[debug] [2025-06-06T03:07:28.389Z] >>> [apiv2][query] GET https://serviceusage.googleapis.com/v1/projects/852027251434/services/pubsub.googleapis.com [none]
[debug] [2025-06-06T03:07:28.389Z] >>> [apiv2][(partial)header] GET https://serviceusage.googleapis.com/v1/projects/852027251434/services/pubsub.googleapis.com x-goog-quota-user=projects/852027251434
[debug] [2025-06-06T03:07:28.391Z] >>> [apiv2][query] GET https://serviceusage.googleapis.com/v1/projects/852027251434/services/storage.googleapis.com [none]
[debug] [2025-06-06T03:07:28.391Z] >>> [apiv2][(partial)header] GET https://serviceusage.googleapis.com/v1/projects/852027251434/services/storage.googleapis.com x-goog-quota-user=projects/852027251434
[debug] [2025-06-06T03:07:29.938Z] <<< [apiv2][status] GET https://serviceusage.googleapis.com/v1/projects/852027251434/services/storage.googleapis.com 200
[debug] [2025-06-06T03:07:29.938Z] <<< [apiv2][body] GET https://serviceusage.googleapis.com/v1/projects/852027251434/services/storage.googleapis.com [omitted]
[info] ✔  functions: required API storage.googleapis.com is enabled 
[debug] [2025-06-06T03:07:29.944Z] <<< [apiv2][status] GET https://serviceusage.googleapis.com/v1/projects/852027251434/services/run.googleapis.com 200
[debug] [2025-06-06T03:07:29.945Z] <<< [apiv2][body] GET https://serviceusage.googleapis.com/v1/projects/852027251434/services/run.googleapis.com [omitted]
[warn] ⚠  functions: missing required API run.googleapis.com. Enabling now... 
[debug] [2025-06-06T03:07:29.945Z] Checked if tokens are valid: true, expires at: 1749181092242
[debug] [2025-06-06T03:07:29.945Z] Checked if tokens are valid: true, expires at: 1749181092242
[debug] [2025-06-06T03:07:29.946Z] >>> [apiv2][query] POST https://serviceusage.googleapis.com/v1/projects/852027251434/services/run.googleapis.com:enable [none]
[debug] [2025-06-06T03:07:29.946Z] >>> [apiv2][(partial)header] POST https://serviceusage.googleapis.com/v1/projects/852027251434/services/run.googleapis.com:enable x-goog-quota-user=projects/852027251434
[debug] [2025-06-06T03:07:29.964Z] <<< [apiv2][status] GET https://serviceusage.googleapis.com/v1/projects/852027251434/services/eventarc.googleapis.com 200
[debug] [2025-06-06T03:07:29.964Z] <<< [apiv2][body] GET https://serviceusage.googleapis.com/v1/projects/852027251434/services/eventarc.googleapis.com [omitted]
[warn] ⚠  functions: missing required API eventarc.googleapis.com. Enabling now... 
[debug] [2025-06-06T03:07:29.964Z] Checked if tokens are valid: true, expires at: 1749181092242
[debug] [2025-06-06T03:07:29.965Z] Checked if tokens are valid: true, expires at: 1749181092242
[debug] [2025-06-06T03:07:29.965Z] >>> [apiv2][query] POST https://serviceusage.googleapis.com/v1/projects/852027251434/services/eventarc.googleapis.com:enable [none]
[debug] [2025-06-06T03:07:29.965Z] >>> [apiv2][(partial)header] POST https://serviceusage.googleapis.com/v1/projects/852027251434/services/eventarc.googleapis.com:enable x-goog-quota-user=projects/852027251434
[debug] [2025-06-06T03:07:29.974Z] <<< [apiv2][status] GET https://serviceusage.googleapis.com/v1/projects/852027251434/services/pubsub.googleapis.com 200
[debug] [2025-06-06T03:07:29.974Z] <<< [apiv2][body] GET https://serviceusage.googleapis.com/v1/projects/852027251434/services/pubsub.googleapis.com [omitted]
[info] ✔  functions: required API pubsub.googleapis.com is enabled 
[debug] [2025-06-06T03:07:31.284Z] <<< [apiv2][status] POST https://serviceusage.googleapis.com/v1/projects/852027251434/services/eventarc.googleapis.com:enable 200
[debug] [2025-06-06T03:07:31.284Z] <<< [apiv2][body] POST https://serviceusage.googleapis.com/v1/projects/852027251434/services/eventarc.googleapis.com:enable [omitted]
[debug] [2025-06-06T03:07:31.404Z] <<< [apiv2][status] POST https://serviceusage.googleapis.com/v1/projects/852027251434/services/run.googleapis.com:enable 200
[debug] [2025-06-06T03:07:31.404Z] <<< [apiv2][body] POST https://serviceusage.googleapis.com/v1/projects/852027251434/services/run.googleapis.com:enable [omitted]
[debug] [2025-06-06T03:07:41.290Z] Checked if tokens are valid: true, expires at: 1749181092242
[debug] [2025-06-06T03:07:41.290Z] Checked if tokens are valid: true, expires at: 1749181092242
[debug] [2025-06-06T03:07:41.290Z] >>> [apiv2][query] GET https://serviceusage.googleapis.com/v1/projects/852027251434/services/eventarc.googleapis.com [none]
[debug] [2025-06-06T03:07:41.291Z] >>> [apiv2][(partial)header] GET https://serviceusage.googleapis.com/v1/projects/852027251434/services/eventarc.googleapis.com x-goog-quota-user=projects/852027251434
[debug] [2025-06-06T03:07:41.404Z] Checked if tokens are valid: true, expires at: 1749181092242
[debug] [2025-06-06T03:07:41.404Z] Checked if tokens are valid: true, expires at: 1749181092242
[debug] [2025-06-06T03:07:41.404Z] >>> [apiv2][query] GET https://serviceusage.googleapis.com/v1/projects/852027251434/services/run.googleapis.com [none]
[debug] [2025-06-06T03:07:41.404Z] >>> [apiv2][(partial)header] GET https://serviceusage.googleapis.com/v1/projects/852027251434/services/run.googleapis.com x-goog-quota-user=projects/852027251434
[debug] [2025-06-06T03:07:41.598Z] <<< [apiv2][status] GET https://serviceusage.googleapis.com/v1/projects/852027251434/services/eventarc.googleapis.com 200
[debug] [2025-06-06T03:07:41.599Z] <<< [apiv2][body] GET https://serviceusage.googleapis.com/v1/projects/852027251434/services/eventarc.googleapis.com [omitted]
[info] ✔  functions: required API eventarc.googleapis.com is enabled 
[debug] [2025-06-06T03:07:42.018Z] <<< [apiv2][status] GET https://serviceusage.googleapis.com/v1/projects/852027251434/services/run.googleapis.com 200
[debug] [2025-06-06T03:07:42.018Z] <<< [apiv2][body] GET https://serviceusage.googleapis.com/v1/projects/852027251434/services/run.googleapis.com [omitted]
[info] ✔  functions: required API run.googleapis.com is enabled 
[info] i  functions: generating the service identity for pubsub.googleapis.com... 
[debug] [2025-06-06T03:07:42.019Z] Checked if tokens are valid: true, expires at: 1749181092242
[debug] [2025-06-06T03:07:42.019Z] Checked if tokens are valid: true, expires at: 1749181092242
[info] i  functions: generating the service identity for eventarc.googleapis.com... 
[debug] [2025-06-06T03:07:42.019Z] Checked if tokens are valid: true, expires at: 1749181092242
[debug] [2025-06-06T03:07:42.019Z] Checked if tokens are valid: true, expires at: 1749181092242
[debug] [2025-06-06T03:07:42.019Z] >>> [apiv2][query] POST https://serviceusage.googleapis.com/v1beta1/projects/852027251434/services/pubsub.googleapis.com:generateServiceIdentity [none]
[debug] [2025-06-06T03:07:42.019Z] >>> [apiv2][query] POST https://serviceusage.googleapis.com/v1beta1/projects/852027251434/services/eventarc.googleapis.com:generateServiceIdentity [none]
[debug] [2025-06-06T03:07:43.095Z] <<< [apiv2][status] POST https://serviceusage.googleapis.com/v1beta1/projects/852027251434/services/eventarc.googleapis.com:generateServiceIdentity 200
[debug] [2025-06-06T03:07:43.095Z] <<< [apiv2][body] POST https://serviceusage.googleapis.com/v1beta1/projects/852027251434/services/eventarc.googleapis.com:generateServiceIdentity {"name":"operations/finished.DONE_OPERATION","done":true,"response":{"@type":"type.googleapis.com/google.api.serviceusage.v1beta1.ServiceIdentity","email":"service-852027251434@gcp-sa-eventarc.iam.gserviceaccount.com","uniqueId":"117792107787509132357"}}
[debug] [2025-06-06T03:07:43.729Z] <<< [apiv2][status] POST https://serviceusage.googleapis.com/v1beta1/projects/852027251434/services/pubsub.googleapis.com:generateServiceIdentity 200
[debug] [2025-06-06T03:07:43.729Z] <<< [apiv2][body] POST https://serviceusage.googleapis.com/v1beta1/projects/852027251434/services/pubsub.googleapis.com:generateServiceIdentity {"name":"operations/finished.DONE_OPERATION","done":true,"response":{"@type":"type.googleapis.com/google.api.serviceusage.v1beta1.ServiceIdentity","email":"service-852027251434@gcp-sa-pubsub.iam.gserviceaccount.com","uniqueId":"106747320941980622506"}}
[debug] [2025-06-06T03:07:43.731Z] Checked if tokens are valid: true, expires at: 1749181092242
[debug] [2025-06-06T03:07:43.731Z] Checked if tokens are valid: true, expires at: 1749181092242
[debug] [2025-06-06T03:07:43.731Z] >>> [apiv2][query] GET https://serviceusage.googleapis.com/v1/projects/yt-summary-app/services/cloudresourcemanager.googleapis.com [none]
[debug] [2025-06-06T03:07:43.731Z] >>> [apiv2][(partial)header] GET https://serviceusage.googleapis.com/v1/projects/yt-summary-app/services/cloudresourcemanager.googleapis.com x-goog-quota-user=projects/yt-summary-app
[debug] [2025-06-06T03:07:44.062Z] <<< [apiv2][status] GET https://serviceusage.googleapis.com/v1/projects/yt-summary-app/services/cloudresourcemanager.googleapis.com 200
[debug] [2025-06-06T03:07:44.062Z] <<< [apiv2][body] GET https://serviceusage.googleapis.com/v1/projects/yt-summary-app/services/cloudresourcemanager.googleapis.com [omitted]
[debug] [2025-06-06T03:07:44.062Z] Checked if tokens are valid: true, expires at: 1749181092242
[debug] [2025-06-06T03:07:44.062Z] Checked if tokens are valid: true, expires at: 1749181092242
[debug] [2025-06-06T03:07:44.062Z] >>> [apiv2][query] GET https://cloudresourcemanager.googleapis.com/v1/projects/yt-summary-app [none]
[debug] [2025-06-06T03:07:45.089Z] <<< [apiv2][status] GET https://cloudresourcemanager.googleapis.com/v1/projects/yt-summary-app 200
[debug] [2025-06-06T03:07:45.089Z] <<< [apiv2][body] GET https://cloudresourcemanager.googleapis.com/v1/projects/yt-summary-app {"projectNumber":"852027251434","projectId":"yt-summary-app","lifecycleState":"ACTIVE","name":"yt-summary-app","labels":{"firebase":"enabled","firebase-core":"disabled"},"createTime":"2025-06-03T08:40:34.041330Z"}
[debug] [2025-06-06T03:07:45.090Z] Checked if tokens are valid: true, expires at: 1749181092242
[debug] [2025-06-06T03:07:45.090Z] Checked if tokens are valid: true, expires at: 1749181092242
[debug] [2025-06-06T03:07:45.090Z] >>> [apiv2][query] GET https://compute.googleapis.com/compute/v1/projects/852027251434 [none]
[debug] [2025-06-06T03:07:45.329Z] <<< [apiv2][status] GET https://compute.googleapis.com/compute/v1/projects/852027251434 403
[debug] [2025-06-06T03:07:45.329Z] <<< [apiv2][body] GET https://compute.googleapis.com/compute/v1/projects/852027251434 {"error":{"code":403,"message":"Compute Engine API has not been used in project 852027251434 before or it is disabled. Enable it by visiting https://console.developers.google.com/apis/api/compute.googleapis.com/overview?project=852027251434 then retry. If you enabled this API recently, wait a few minutes for the action to propagate to our systems and retry.","errors":[{"message":"Compute Engine API has not been used in project 852027251434 before or it is disabled. Enable it by visiting https://console.developers.google.com/apis/api/compute.googleapis.com/overview?project=852027251434 then retry. If you enabled this API recently, wait a few minutes for the action to propagate to our systems and retry.","domain":"usageLimits","reason":"accessNotConfigured","extendedHelp":"https://console.developers.google.com"}],"status":"PERMISSION_DENIED","details":[{"@type":"type.googleapis.com/google.rpc.ErrorInfo","reason":"SERVICE_DISABLED","domain":"googleapis.com","metadata":{"activationUrl":"https://console.developers.google.com/apis/api/compute.googleapis.com/overview?project=852027251434","serviceTitle":"Compute Engine API","consumer":"projects/852027251434","containerInfo":"852027251434","service":"compute.googleapis.com"}},{"@type":"type.googleapis.com/google.rpc.LocalizedMessage","locale":"en-US","message":"Compute Engine API has not been used in project 852027251434 before or it is disabled. Enable it by visiting https://console.developers.google.com/apis/api/compute.googleapis.com/overview?project=852027251434 then retry. If you enabled this API recently, wait a few minutes for the action to propagate to our systems and retry."},{"@type":"type.googleapis.com/google.rpc.Help","links":[{"description":"Google developers console API activation","url":"https://console.developers.google.com/apis/api/compute.googleapis.com/overview?project=852027251434"}]}]}}
[debug] [2025-06-06T03:07:45.330Z] unable to look up default compute service account. Falling back to 852027251434-compute@developer.gserviceaccount.com. Error: {"name":"FirebaseError","children":[],"context":{"body":{"error":{"code":403,"message":"Compute Engine API has not been used in project 852027251434 before or it is disabled. Enable it by visiting https://console.developers.google.com/apis/api/compute.googleapis.com/overview?project=852027251434 then retry. If you enabled this API recently, wait a few minutes for the action to propagate to our systems and retry.","errors":[{"message":"Compute Engine API has not been used in project 852027251434 before or it is disabled. Enable it by visiting https://console.developers.google.com/apis/api/compute.googleapis.com/overview?project=852027251434 then retry. If you enabled this API recently, wait a few minutes for the action to propagate to our systems and retry.","domain":"usageLimits","reason":"accessNotConfigured","extendedHelp":"https://console.developers.google.com"}],"status":"PERMISSION_DENIED","details":[{"@type":"type.googleapis.com/google.rpc.ErrorInfo","reason":"SERVICE_DISABLED","domain":"googleapis.com","metadata":{"activationUrl":"https://console.developers.google.com/apis/api/compute.googleapis.com/overview?project=852027251434","serviceTitle":"Compute Engine API","consumer":"projects/852027251434","containerInfo":"852027251434","service":"compute.googleapis.com"}},{"@type":"type.googleapis.com/google.rpc.LocalizedMessage","locale":"en-US","message":"Compute Engine API has not been used in project 852027251434 before or it is disabled. Enable it by visiting https://console.developers.google.com/apis/api/compute.googleapis.com/overview?project=852027251434 then retry. If you enabled this API recently, wait a few minutes for the action to propagate to our systems and retry."},{"@type":"type.googleapis.com/google.rpc.Help","links":[{"description":"Google developers console API activation","url":"https://console.developers.google.com/apis/api/compute.googleapis.com/overview?project=852027251434"}]}]}},"response":{"statusCode":403}},"exit":1,"message":"Request to https://compute.googleapis.com/compute/v1/projects/852027251434 had HTTP Error: 403, Compute Engine API has not been used in project 852027251434 before or it is disabled. Enable it by visiting https://console.developers.google.com/apis/api/compute.googleapis.com/overview?project=852027251434 then retry. If you enabled this API recently, wait a few minutes for the action to propagate to our systems and retry.","status":403}
[debug] [2025-06-06T03:07:45.331Z] Checked if tokens are valid: true, expires at: 1749181092242
[debug] [2025-06-06T03:07:45.331Z] Checked if tokens are valid: true, expires at: 1749181092242
[debug] [2025-06-06T03:07:45.331Z] >>> [apiv2][query] GET https://cloudbilling.googleapis.com/v1/projects/yt-summary-app/billingInfo [none]
[debug] [2025-06-06T03:07:46.700Z] <<< [apiv2][status] GET https://cloudbilling.googleapis.com/v1/projects/yt-summary-app/billingInfo 200
[debug] [2025-06-06T03:07:46.701Z] <<< [apiv2][body] GET https://cloudbilling.googleapis.com/v1/projects/yt-summary-app/billingInfo {"name":"projects/yt-summary-app/billingInfo","projectId":"yt-summary-app","billingAccountName":"billingAccounts/012DCB-275DEC-4F1E8A","billingEnabled":true}
[debug] [2025-06-06T03:07:46.702Z] [functions] found 1 new HTTP functions, testing setIamPolicy permission...
[debug] [2025-06-06T03:07:46.702Z] Checked if tokens are valid: true, expires at: 1749181092242
[debug] [2025-06-06T03:07:46.702Z] Checked if tokens are valid: true, expires at: 1749181092242
[debug] [2025-06-06T03:07:46.702Z] >>> [apiv2][query] POST https://cloudresourcemanager.googleapis.com/v1/projects/yt-summary-app:testIamPermissions [none]
[debug] [2025-06-06T03:07:46.702Z] >>> [apiv2][(partial)header] POST https://cloudresourcemanager.googleapis.com/v1/projects/yt-summary-app:testIamPermissions x-goog-quota-user=projects/yt-summary-app
[debug] [2025-06-06T03:07:46.702Z] >>> [apiv2][body] POST https://cloudresourcemanager.googleapis.com/v1/projects/yt-summary-app:testIamPermissions {"permissions":["cloudfunctions.functions.setIamPolicy"]}
[debug] [2025-06-06T03:07:46.898Z] <<< [apiv2][status] POST https://cloudresourcemanager.googleapis.com/v1/projects/yt-summary-app:testIamPermissions 200
[debug] [2025-06-06T03:07:46.898Z] <<< [apiv2][body] POST https://cloudresourcemanager.googleapis.com/v1/projects/yt-summary-app:testIamPermissions {"permissions":["cloudfunctions.functions.setIamPolicy"]}
[debug] [2025-06-06T03:07:46.899Z] [functions] found setIamPolicy permission, proceeding with deploy
[debug] [2025-06-06T03:07:46.899Z] Checked if tokens are valid: true, expires at: 1749181092242
[debug] [2025-06-06T03:07:46.899Z] Checked if tokens are valid: true, expires at: 1749181092242
[debug] [2025-06-06T03:07:46.899Z] >>> [apiv2][query] POST https://cloudfunctions.googleapis.com/v2/projects/yt-summary-app/locations/us-central1/functions:generateUploadUrl [none]
[debug] [2025-06-06T03:07:49.249Z] <<< [apiv2][status] POST https://cloudfunctions.googleapis.com/v2/projects/yt-summary-app/locations/us-central1/functions:generateUploadUrl 200
[debug] [2025-06-06T03:07:49.249Z] <<< [apiv2][body] POST https://cloudfunctions.googleapis.com/v2/projects/yt-summary-app/locations/us-central1/functions:generateUploadUrl {"uploadUrl":"https://storage.googleapis.com/gcf-v2-uploads-852027251434.us-central1.cloudfunctions.appspot.com/55a7507c-cccb-4dbf-812b-888bc9bf9e21.zip?GoogleAccessId=service-852027251434@gcf-admin-robot.iam.gserviceaccount.com&Expires=1749181069&Signature=KN6AhotFgQxHdhpRd9ZPQmb%2B2YbmKY9MT84vtxi7wK2GRQrsLOPVUYIMgpuPPVkot5dRXBdDna5yX%2FrgZ6TV%2Fk%2F%2FmBt1hLi3LvYHHxi7mjdkgR3iOCPH0Uo8qU4NGslA9cbqGkV0i3I45nz5p6YhjmDB9ahBXCIA%2FGSAZPw6oey6MVn6bULM6%2F6XirCy2WH3rEZPmCpQR8AOp0uoyy2u1Fal8HsgbgrbnXb8MIdf3KfBs7OLPcxRQQKjZqTk5ezlLSbreMjOaX0uBND8Y8Zvo52BYr%2BcLZyeL1gu4skAxRotWPvn2OT0bRWe5FSB8CCvcXSdx6Js4e%2BzDeV8uBDwLg%3D%3D","storageSource":{"bucket":"gcf-v2-uploads-852027251434.us-central1.cloudfunctions.appspot.com","object":"55a7507c-cccb-4dbf-812b-888bc9bf9e21.zip"}}
[debug] [2025-06-06T03:07:49.250Z] >>> [apiv2][query] PUT https://storage.googleapis.com/gcf-v2-uploads-852027251434.us-central1.cloudfunctions.appspot.com/55a7507c-cccb-4dbf-812b-888bc9bf9e21.zip GoogleAccessId=service-852027251434%40gcf-admin-robot.iam.gserviceaccount.com&Expires=1749181069&Signature=KN6AhotFgQxHdhpRd9ZPQmb%2B2YbmKY9MT84vtxi7wK2GRQrsLOPVUYIMgpuPPVkot5dRXBdDna5yX%2FrgZ6TV%2Fk%2F%2FmBt1hLi3LvYHHxi7mjdkgR3iOCPH0Uo8qU4NGslA9cbqGkV0i3I45nz5p6YhjmDB9ahBXCIA%2FGSAZPw6oey6MVn6bULM6%2F6XirCy2WH3rEZPmCpQR8AOp0uoyy2u1Fal8HsgbgrbnXb8MIdf3KfBs7OLPcxRQQKjZqTk5ezlLSbreMjOaX0uBND8Y8Zvo52BYr%2BcLZyeL1gu4skAxRotWPvn2OT0bRWe5FSB8CCvcXSdx6Js4e%2BzDeV8uBDwLg%3D%3D
[debug] [2025-06-06T03:07:49.250Z] >>> [apiv2][body] PUT https://storage.googleapis.com/gcf-v2-uploads-852027251434.us-central1.cloudfunctions.appspot.com/55a7507c-cccb-4dbf-812b-888bc9bf9e21.zip [stream]
[debug] [2025-06-06T03:07:49.801Z] <<< [apiv2][status] PUT https://storage.googleapis.com/gcf-v2-uploads-852027251434.us-central1.cloudfunctions.appspot.com/55a7507c-cccb-4dbf-812b-888bc9bf9e21.zip 200
[debug] [2025-06-06T03:07:49.801Z] <<< [apiv2][body] PUT https://storage.googleapis.com/gcf-v2-uploads-852027251434.us-central1.cloudfunctions.appspot.com/55a7507c-cccb-4dbf-812b-888bc9bf9e21.zip [omitted]
[info] ✔  functions: functions folder uploaded successfully 
[info] i  functions: creating Node.js 20 (2nd Gen) function ping(us-central1)... 
[debug] [2025-06-06T03:07:49.804Z] Checked if tokens are valid: true, expires at: 1749181092242
[debug] [2025-06-06T03:07:49.804Z] Checked if tokens are valid: true, expires at: 1749181092242
[debug] [2025-06-06T03:07:49.805Z] >>> [apiv2][query] POST https://cloudfunctions.googleapis.com/v2/projects/yt-summary-app/locations/us-central1/functions functionId=ping
[debug] [2025-06-06T03:07:49.805Z] >>> [apiv2][body] POST https://cloudfunctions.googleapis.com/v2/projects/yt-summary-app/locations/us-central1/functions {"name":"projects/yt-summary-app/locations/us-central1/functions/ping","buildConfig":{"runtime":"nodejs20","entryPoint":"ping","source":{"storageSource":{"bucket":"gcf-v2-uploads-852027251434.us-central1.cloudfunctions.appspot.com","object":"55a7507c-cccb-4dbf-812b-888bc9bf9e21.zip"}},"environmentVariables":{"GOOGLE_NODE_RUN_SCRIPTS":""}},"serviceConfig":{"environmentVariables":{"FIREBASE_CONFIG":"{\"projectId\":\"yt-summary-app\",\"storageBucket\":\"yt-summary-app.firebasestorage.app\"}","GCLOUD_PROJECT":"yt-summary-app","EVENTARC_CLOUD_EVENT_SOURCE":"projects/yt-summary-app/locations/us-central1/services/ping","FUNCTION_TARGET":"ping","LOG_EXECUTION_ID":"true"},"ingressSettings":null,"timeoutSeconds":null,"serviceAccountEmail":null,"availableMemory":"256Mi","minInstanceCount":null,"maxInstanceCount":null,"maxInstanceRequestConcurrency":80,"availableCpu":"1","vpcConnector":null,"vpcConnectorEgressSettings":null},"labels":{"deployment-tool":"cli-firebase","firebase-functions-hash":"ee9351818a26311cf21ba0116ca5ba7b9990d8a0"}}
[debug] [2025-06-06T03:07:51.988Z] <<< [apiv2][status] POST https://cloudfunctions.googleapis.com/v2/projects/yt-summary-app/locations/us-central1/functions 200
[debug] [2025-06-06T03:07:51.988Z] <<< [apiv2][body] POST https://cloudfunctions.googleapis.com/v2/projects/yt-summary-app/locations/us-central1/functions {"name":"projects/yt-summary-app/locations/us-central1/operations/operation-1749179270976-636de89185462-b36031a8-2256893c","metadata":{"@type":"type.googleapis.com/google.cloud.functions.v2.OperationMetadata","createTime":"2025-06-06T03:07:51.905222765Z","target":"projects/yt-summary-app/locations/us-central1/functions/ping","verb":"create","cancelRequested":false,"apiVersion":"v2"},"done":false}
[debug] [2025-06-06T03:07:51.988Z] Checked if tokens are valid: true, expires at: 1749181092242
[debug] [2025-06-06T03:07:51.989Z] Checked if tokens are valid: true, expires at: 1749181092242
[debug] [2025-06-06T03:07:51.989Z] >>> [apiv2][query] GET https://cloudfunctions.googleapis.com/v2/projects/yt-summary-app/locations/us-central1/operations/operation-1749179270976-636de89185462-b36031a8-2256893c [none]
[debug] [2025-06-06T03:07:53.289Z] <<< [apiv2][status] GET https://cloudfunctions.googleapis.com/v2/projects/yt-summary-app/locations/us-central1/operations/operation-1749179270976-636de89185462-b36031a8-2256893c 200
[debug] [2025-06-06T03:07:53.290Z] <<< [apiv2][body] GET https://cloudfunctions.googleapis.com/v2/projects/yt-summary-app/locations/us-central1/operations/operation-1749179270976-636de89185462-b36031a8-2256893c {"name":"projects/yt-summary-app/locations/us-central1/operations/operation-1749179270976-636de89185462-b36031a8-2256893c","metadata":{"@type":"type.googleapis.com/google.cloud.functions.v2.OperationMetadata","createTime":"2025-06-06T03:07:51.905222765Z","target":"projects/yt-summary-app/locations/us-central1/functions/ping","verb":"create","cancelRequested":false,"apiVersion":"v2","requestResource":{"@type":"type.googleapis.com/google.cloud.functions.v2.Function","name":"projects/yt-summary-app/locations/us-central1/functions/ping","buildConfig":{"runtime":"nodejs20","entryPoint":"ping","source":{"storageSource":{"bucket":"gcf-v2-sources-852027251434-us-central1","object":"ping/function-source.zip","generation":"1749179271647363"}},"environmentVariables":{"GOOGLE_NODE_RUN_SCRIPTS":""},"serviceAccount":"projects/yt-summary-app/serviceAccounts/852027251434-compute@developer.gserviceaccount.com","automaticUpdatePolicy":{}},"serviceConfig":{"service":"projects/yt-summary-app/locations/us-central1/services/ping","timeoutSeconds":60,"environmentVariables":{"FIREBASE_CONFIG":"{\"projectId\":\"yt-summary-app\",\"storageBucket\":\"yt-summary-app.firebasestorage.app\"}","GCLOUD_PROJECT":"yt-summary-app","EVENTARC_CLOUD_EVENT_SOURCE":"projects/yt-summary-app/locations/us-central1/services/ping","FUNCTION_TARGET":"ping","LOG_EXECUTION_ID":"true"},"ingressSettings":"ALLOW_ALL","serviceAccountEmail":"852027251434-compute@developer.gserviceaccount.com","availableMemory":"256Mi","maxInstanceRequestConcurrency":80,"availableCpu":"1"},"labels":{"deployment-tool":"cli-firebase","firebase-functions-hash":"ee9351818a26311cf21ba0116ca5ba7b9990d8a0"},"environment":"GEN_2"},"stages":[{"name":"BUILD","state":"NOT_STARTED"},{"name":"SERVICE","state":"NOT_STARTED"}],"operationType":"CREATE_FUNCTION"},"done":false}
[debug] [2025-06-06T03:07:53.791Z] [create-default-us-central1-ping] Retrying task index 0
[debug] [2025-06-06T03:07:53.792Z] Checked if tokens are valid: true, expires at: 1749181092242
[debug] [2025-06-06T03:07:53.792Z] Checked if tokens are valid: true, expires at: 1749181092242
[debug] [2025-06-06T03:07:53.792Z] >>> [apiv2][query] GET https://cloudfunctions.googleapis.com/v2/projects/yt-summary-app/locations/us-central1/operations/operation-1749179270976-636de89185462-b36031a8-2256893c [none]
[debug] [2025-06-06T03:07:55.037Z] <<< [apiv2][status] GET https://cloudfunctions.googleapis.com/v2/projects/yt-summary-app/locations/us-central1/operations/operation-1749179270976-636de89185462-b36031a8-2256893c 200
[debug] [2025-06-06T03:07:55.038Z] <<< [apiv2][body] GET https://cloudfunctions.googleapis.com/v2/projects/yt-summary-app/locations/us-central1/operations/operation-1749179270976-636de89185462-b36031a8-2256893c {"name":"projects/yt-summary-app/locations/us-central1/operations/operation-1749179270976-636de89185462-b36031a8-2256893c","metadata":{"@type":"type.googleapis.com/google.cloud.functions.v2.OperationMetadata","createTime":"2025-06-06T03:07:51.905222765Z","target":"projects/yt-summary-app/locations/us-central1/functions/ping","verb":"create","cancelRequested":false,"apiVersion":"v2","requestResource":{"@type":"type.googleapis.com/google.cloud.functions.v2.Function","name":"projects/yt-summary-app/locations/us-central1/functions/ping","buildConfig":{"runtime":"nodejs20","entryPoint":"ping","source":{"storageSource":{"bucket":"gcf-v2-sources-852027251434-us-central1","object":"ping/function-source.zip","generation":"1749179271647363"}},"environmentVariables":{"GOOGLE_NODE_RUN_SCRIPTS":""},"serviceAccount":"projects/yt-summary-app/serviceAccounts/852027251434-compute@developer.gserviceaccount.com","automaticUpdatePolicy":{}},"serviceConfig":{"service":"projects/yt-summary-app/locations/us-central1/services/ping","timeoutSeconds":60,"environmentVariables":{"FIREBASE_CONFIG":"{\"projectId\":\"yt-summary-app\",\"storageBucket\":\"yt-summary-app.firebasestorage.app\"}","GCLOUD_PROJECT":"yt-summary-app","EVENTARC_CLOUD_EVENT_SOURCE":"projects/yt-summary-app/locations/us-central1/services/ping","FUNCTION_TARGET":"ping","LOG_EXECUTION_ID":"true"},"ingressSettings":"ALLOW_ALL","serviceAccountEmail":"852027251434-compute@developer.gserviceaccount.com","availableMemory":"256Mi","maxInstanceRequestConcurrency":80,"availableCpu":"1"},"labels":{"deployment-tool":"cli-firebase","firebase-functions-hash":"ee9351818a26311cf21ba0116ca5ba7b9990d8a0"},"environment":"GEN_2"},"stages":[{"name":"BUILD","state":"NOT_STARTED"},{"name":"SERVICE","state":"NOT_STARTED"}],"operationType":"CREATE_FUNCTION"},"done":false}
[debug] [2025-06-06T03:07:56.038Z] [create-default-us-central1-ping] Retrying task index 0
[debug] [2025-06-06T03:07:56.039Z] Checked if tokens are valid: true, expires at: 1749181092242
[debug] [2025-06-06T03:07:56.039Z] Checked if tokens are valid: true, expires at: 1749181092242
[debug] [2025-06-06T03:07:56.039Z] >>> [apiv2][query] GET https://cloudfunctions.googleapis.com/v2/projects/yt-summary-app/locations/us-central1/operations/operation-1749179270976-636de89185462-b36031a8-2256893c [none]
[debug] [2025-06-06T03:07:57.287Z] <<< [apiv2][status] GET https://cloudfunctions.googleapis.com/v2/projects/yt-summary-app/locations/us-central1/operations/operation-1749179270976-636de89185462-b36031a8-2256893c 200
[debug] [2025-06-06T03:07:57.287Z] <<< [apiv2][body] GET https://cloudfunctions.googleapis.com/v2/projects/yt-summary-app/locations/us-central1/operations/operation-1749179270976-636de89185462-b36031a8-2256893c {"name":"projects/yt-summary-app/locations/us-central1/operations/operation-1749179270976-636de89185462-b36031a8-2256893c","metadata":{"@type":"type.googleapis.com/google.cloud.functions.v2.OperationMetadata","createTime":"2025-06-06T03:07:51.905222765Z","target":"projects/yt-summary-app/locations/us-central1/functions/ping","verb":"create","cancelRequested":false,"apiVersion":"v2","requestResource":{"@type":"type.googleapis.com/google.cloud.functions.v2.Function","name":"projects/yt-summary-app/locations/us-central1/functions/ping","buildConfig":{"runtime":"nodejs20","entryPoint":"ping","source":{"storageSource":{"bucket":"gcf-v2-sources-852027251434-us-central1","object":"ping/function-source.zip","generation":"1749179271647363"}},"environmentVariables":{"GOOGLE_NODE_RUN_SCRIPTS":""},"serviceAccount":"projects/yt-summary-app/serviceAccounts/852027251434-compute@developer.gserviceaccount.com","automaticUpdatePolicy":{}},"serviceConfig":{"service":"projects/yt-summary-app/locations/us-central1/services/ping","timeoutSeconds":60,"environmentVariables":{"FIREBASE_CONFIG":"{\"projectId\":\"yt-summary-app\",\"storageBucket\":\"yt-summary-app.firebasestorage.app\"}","GCLOUD_PROJECT":"yt-summary-app","EVENTARC_CLOUD_EVENT_SOURCE":"projects/yt-summary-app/locations/us-central1/services/ping","FUNCTION_TARGET":"ping","LOG_EXECUTION_ID":"true"},"ingressSettings":"ALLOW_ALL","serviceAccountEmail":"852027251434-compute@developer.gserviceaccount.com","availableMemory":"256Mi","maxInstanceRequestConcurrency":80,"availableCpu":"1"},"labels":{"deployment-tool":"cli-firebase","firebase-functions-hash":"ee9351818a26311cf21ba0116ca5ba7b9990d8a0"},"environment":"GEN_2"},"stages":[{"name":"BUILD","state":"NOT_STARTED"},{"name":"SERVICE","state":"NOT_STARTED"}],"operationType":"CREATE_FUNCTION"},"done":false}
[debug] [2025-06-06T03:07:59.288Z] [create-default-us-central1-ping] Retrying task index 0
[debug] [2025-06-06T03:07:59.288Z] Checked if tokens are valid: true, expires at: 1749181092242
[debug] [2025-06-06T03:07:59.288Z] Checked if tokens are valid: true, expires at: 1749181092242
[debug] [2025-06-06T03:07:59.288Z] >>> [apiv2][query] GET https://cloudfunctions.googleapis.com/v2/projects/yt-summary-app/locations/us-central1/operations/operation-1749179270976-636de89185462-b36031a8-2256893c [none]
[debug] [2025-06-06T03:08:00.645Z] <<< [apiv2][status] GET https://cloudfunctions.googleapis.com/v2/projects/yt-summary-app/locations/us-central1/operations/operation-1749179270976-636de89185462-b36031a8-2256893c 200
[debug] [2025-06-06T03:08:00.645Z] <<< [apiv2][body] GET https://cloudfunctions.googleapis.com/v2/projects/yt-summary-app/locations/us-central1/operations/operation-1749179270976-636de89185462-b36031a8-2256893c {"name":"projects/yt-summary-app/locations/us-central1/operations/operation-1749179270976-636de89185462-b36031a8-2256893c","metadata":{"@type":"type.googleapis.com/google.cloud.functions.v2.OperationMetadata","createTime":"2025-06-06T03:07:51.905222765Z","target":"projects/yt-summary-app/locations/us-central1/functions/ping","verb":"create","cancelRequested":false,"apiVersion":"v2","requestResource":{"@type":"type.googleapis.com/google.cloud.functions.v2.Function","name":"projects/yt-summary-app/locations/us-central1/functions/ping","buildConfig":{"runtime":"nodejs20","entryPoint":"ping","source":{"storageSource":{"bucket":"gcf-v2-sources-852027251434-us-central1","object":"ping/function-source.zip","generation":"1749179271647363"}},"environmentVariables":{"GOOGLE_NODE_RUN_SCRIPTS":""},"serviceAccount":"projects/yt-summary-app/serviceAccounts/852027251434-compute@developer.gserviceaccount.com","automaticUpdatePolicy":{}},"serviceConfig":{"service":"projects/yt-summary-app/locations/us-central1/services/ping","timeoutSeconds":60,"environmentVariables":{"FIREBASE_CONFIG":"{\"projectId\":\"yt-summary-app\",\"storageBucket\":\"yt-summary-app.firebasestorage.app\"}","GCLOUD_PROJECT":"yt-summary-app","EVENTARC_CLOUD_EVENT_SOURCE":"projects/yt-summary-app/locations/us-central1/services/ping","FUNCTION_TARGET":"ping","LOG_EXECUTION_ID":"true"},"ingressSettings":"ALLOW_ALL","serviceAccountEmail":"852027251434-compute@developer.gserviceaccount.com","availableMemory":"256Mi","maxInstanceRequestConcurrency":80,"availableCpu":"1"},"labels":{"deployment-tool":"cli-firebase","firebase-functions-hash":"ee9351818a26311cf21ba0116ca5ba7b9990d8a0"},"environment":"GEN_2"},"stages":[{"name":"BUILD","state":"NOT_STARTED"},{"name":"SERVICE","state":"NOT_STARTED"}],"operationType":"CREATE_FUNCTION"},"done":false}
[debug] [2025-06-06T03:08:04.648Z] [create-default-us-central1-ping] Retrying task index 0
[debug] [2025-06-06T03:08:04.649Z] Checked if tokens are valid: true, expires at: 1749181092242
[debug] [2025-06-06T03:08:04.649Z] Checked if tokens are valid: true, expires at: 1749181092242
[debug] [2025-06-06T03:08:04.649Z] >>> [apiv2][query] GET https://cloudfunctions.googleapis.com/v2/projects/yt-summary-app/locations/us-central1/operations/operation-1749179270976-636de89185462-b36031a8-2256893c [none]
[debug] [2025-06-06T03:08:05.883Z] <<< [apiv2][status] GET https://cloudfunctions.googleapis.com/v2/projects/yt-summary-app/locations/us-central1/operations/operation-1749179270976-636de89185462-b36031a8-2256893c 200
[debug] [2025-06-06T03:08:05.883Z] <<< [apiv2][body] GET https://cloudfunctions.googleapis.com/v2/projects/yt-summary-app/locations/us-central1/operations/operation-1749179270976-636de89185462-b36031a8-2256893c {"name":"projects/yt-summary-app/locations/us-central1/operations/operation-1749179270976-636de89185462-b36031a8-2256893c","metadata":{"@type":"type.googleapis.com/google.cloud.functions.v2.OperationMetadata","createTime":"2025-06-06T03:07:51.905222765Z","target":"projects/yt-summary-app/locations/us-central1/functions/ping","verb":"create","cancelRequested":false,"apiVersion":"v2","requestResource":{"@type":"type.googleapis.com/google.cloud.functions.v2.Function","name":"projects/yt-summary-app/locations/us-central1/functions/ping","buildConfig":{"runtime":"nodejs20","entryPoint":"ping","source":{"storageSource":{"bucket":"gcf-v2-sources-852027251434-us-central1","object":"ping/function-source.zip","generation":"1749179271647363"}},"environmentVariables":{"GOOGLE_NODE_RUN_SCRIPTS":""},"serviceAccount":"projects/yt-summary-app/serviceAccounts/852027251434-compute@developer.gserviceaccount.com","automaticUpdatePolicy":{}},"serviceConfig":{"service":"projects/yt-summary-app/locations/us-central1/services/ping","timeoutSeconds":60,"environmentVariables":{"FIREBASE_CONFIG":"{\"projectId\":\"yt-summary-app\",\"storageBucket\":\"yt-summary-app.firebasestorage.app\"}","GCLOUD_PROJECT":"yt-summary-app","EVENTARC_CLOUD_EVENT_SOURCE":"projects/yt-summary-app/locations/us-central1/services/ping","FUNCTION_TARGET":"ping","LOG_EXECUTION_ID":"true"},"ingressSettings":"ALLOW_ALL","serviceAccountEmail":"852027251434-compute@developer.gserviceaccount.com","availableMemory":"256Mi","maxInstanceRequestConcurrency":80,"availableCpu":"1"},"labels":{"deployment-tool":"cli-firebase","firebase-functions-hash":"ee9351818a26311cf21ba0116ca5ba7b9990d8a0"},"environment":"GEN_2"},"stages":[{"name":"BUILD","state":"NOT_STARTED"},{"name":"SERVICE","state":"NOT_STARTED"}],"operationType":"CREATE_FUNCTION"},"done":false}
[debug] [2025-06-06T03:08:13.887Z] [create-default-us-central1-ping] Retrying task index 0
[debug] [2025-06-06T03:08:13.887Z] Checked if tokens are valid: true, expires at: 1749181092242
[debug] [2025-06-06T03:08:13.888Z] Checked if tokens are valid: true, expires at: 1749181092242
[debug] [2025-06-06T03:08:13.888Z] >>> [apiv2][query] GET https://cloudfunctions.googleapis.com/v2/projects/yt-summary-app/locations/us-central1/operations/operation-1749179270976-636de89185462-b36031a8-2256893c [none]
[debug] [2025-06-06T03:08:15.166Z] <<< [apiv2][status] GET https://cloudfunctions.googleapis.com/v2/projects/yt-summary-app/locations/us-central1/operations/operation-1749179270976-636de89185462-b36031a8-2256893c 200
[debug] [2025-06-06T03:08:15.166Z] <<< [apiv2][body] GET https://cloudfunctions.googleapis.com/v2/projects/yt-summary-app/locations/us-central1/operations/operation-1749179270976-636de89185462-b36031a8-2256893c {"name":"projects/yt-summary-app/locations/us-central1/operations/operation-1749179270976-636de89185462-b36031a8-2256893c","metadata":{"@type":"type.googleapis.com/google.cloud.functions.v2.OperationMetadata","createTime":"2025-06-06T03:07:51.905222765Z","target":"projects/yt-summary-app/locations/us-central1/functions/ping","verb":"create","cancelRequested":false,"apiVersion":"v2","requestResource":{"@type":"type.googleapis.com/google.cloud.functions.v2.Function","name":"projects/yt-summary-app/locations/us-central1/functions/ping","buildConfig":{"runtime":"nodejs20","entryPoint":"ping","source":{"storageSource":{"bucket":"gcf-v2-sources-852027251434-us-central1","object":"ping/function-source.zip","generation":"1749179271647363"}},"environmentVariables":{"GOOGLE_NODE_RUN_SCRIPTS":""},"serviceAccount":"projects/yt-summary-app/serviceAccounts/852027251434-compute@developer.gserviceaccount.com","automaticUpdatePolicy":{}},"serviceConfig":{"service":"projects/yt-summary-app/locations/us-central1/services/ping","timeoutSeconds":60,"environmentVariables":{"FIREBASE_CONFIG":"{\"projectId\":\"yt-summary-app\",\"storageBucket\":\"yt-summary-app.firebasestorage.app\"}","GCLOUD_PROJECT":"yt-summary-app","EVENTARC_CLOUD_EVENT_SOURCE":"projects/yt-summary-app/locations/us-central1/services/ping","FUNCTION_TARGET":"ping","LOG_EXECUTION_ID":"true"},"ingressSettings":"ALLOW_ALL","serviceAccountEmail":"852027251434-compute@developer.gserviceaccount.com","availableMemory":"256Mi","maxInstanceRequestConcurrency":80,"availableCpu":"1"},"labels":{"deployment-tool":"cli-firebase","firebase-functions-hash":"ee9351818a26311cf21ba0116ca5ba7b9990d8a0"},"environment":"GEN_2"},"stages":[{"name":"BUILD","message":"Build in progress","state":"IN_PROGRESS","resource":"projects/852027251434/locations/us-central1/builds/15ac948d-74ba-4848-a60a-bf6673760b54","resourceUri":"https://console.cloud.google.com/cloud-build/builds;region=us-central1/15ac948d-74ba-4848-a60a-bf6673760b54?project=852027251434"},{"name":"SERVICE","state":"NOT_STARTED"}],"operationType":"CREATE_FUNCTION","buildName":"projects/852027251434/locations/us-central1/builds/15ac948d-74ba-4848-a60a-bf6673760b54"},"done":false}
[debug] [2025-06-06T03:08:25.169Z] [create-default-us-central1-ping] Retrying task index 0
[debug] [2025-06-06T03:08:25.170Z] Checked if tokens are valid: true, expires at: 1749181092242
[debug] [2025-06-06T03:08:25.170Z] Checked if tokens are valid: true, expires at: 1749181092242
[debug] [2025-06-06T03:08:25.170Z] >>> [apiv2][query] GET https://cloudfunctions.googleapis.com/v2/projects/yt-summary-app/locations/us-central1/operations/operation-1749179270976-636de89185462-b36031a8-2256893c [none]
[debug] [2025-06-06T03:08:26.433Z] <<< [apiv2][status] GET https://cloudfunctions.googleapis.com/v2/projects/yt-summary-app/locations/us-central1/operations/operation-1749179270976-636de89185462-b36031a8-2256893c 200
[debug] [2025-06-06T03:08:26.433Z] <<< [apiv2][body] GET https://cloudfunctions.googleapis.com/v2/projects/yt-summary-app/locations/us-central1/operations/operation-1749179270976-636de89185462-b36031a8-2256893c {"name":"projects/yt-summary-app/locations/us-central1/operations/operation-1749179270976-636de89185462-b36031a8-2256893c","metadata":{"@type":"type.googleapis.com/google.cloud.functions.v2.OperationMetadata","createTime":"2025-06-06T03:07:51.905222765Z","target":"projects/yt-summary-app/locations/us-central1/functions/ping","verb":"create","cancelRequested":false,"apiVersion":"v2","requestResource":{"@type":"type.googleapis.com/google.cloud.functions.v2.Function","name":"projects/yt-summary-app/locations/us-central1/functions/ping","buildConfig":{"runtime":"nodejs20","entryPoint":"ping","source":{"storageSource":{"bucket":"gcf-v2-sources-852027251434-us-central1","object":"ping/function-source.zip","generation":"1749179271647363"}},"environmentVariables":{"GOOGLE_NODE_RUN_SCRIPTS":""},"serviceAccount":"projects/yt-summary-app/serviceAccounts/852027251434-compute@developer.gserviceaccount.com","automaticUpdatePolicy":{}},"serviceConfig":{"service":"projects/yt-summary-app/locations/us-central1/services/ping","timeoutSeconds":60,"environmentVariables":{"FIREBASE_CONFIG":"{\"projectId\":\"yt-summary-app\",\"storageBucket\":\"yt-summary-app.firebasestorage.app\"}","GCLOUD_PROJECT":"yt-summary-app","EVENTARC_CLOUD_EVENT_SOURCE":"projects/yt-summary-app/locations/us-central1/services/ping","FUNCTION_TARGET":"ping","LOG_EXECUTION_ID":"true"},"ingressSettings":"ALLOW_ALL","serviceAccountEmail":"852027251434-compute@developer.gserviceaccount.com","availableMemory":"256Mi","maxInstanceRequestConcurrency":80,"availableCpu":"1"},"labels":{"deployment-tool":"cli-firebase","firebase-functions-hash":"ee9351818a26311cf21ba0116ca5ba7b9990d8a0"},"environment":"GEN_2"},"stages":[{"name":"BUILD","message":"Build in progress","state":"IN_PROGRESS","resource":"projects/852027251434/locations/us-central1/builds/15ac948d-74ba-4848-a60a-bf6673760b54","resourceUri":"https://console.cloud.google.com/cloud-build/builds;region=us-central1/15ac948d-74ba-4848-a60a-bf6673760b54?project=852027251434"},{"name":"SERVICE","state":"NOT_STARTED"}],"operationType":"CREATE_FUNCTION","buildName":"projects/852027251434/locations/us-central1/builds/15ac948d-74ba-4848-a60a-bf6673760b54"},"done":false}
[debug] [2025-06-06T03:08:36.439Z] [create-default-us-central1-ping] Retrying task index 0
[debug] [2025-06-06T03:08:36.439Z] Checked if tokens are valid: true, expires at: 1749181092242
[debug] [2025-06-06T03:08:36.439Z] Checked if tokens are valid: true, expires at: 1749181092242
[debug] [2025-06-06T03:08:36.439Z] >>> [apiv2][query] GET https://cloudfunctions.googleapis.com/v2/projects/yt-summary-app/locations/us-central1/operations/operation-1749179270976-636de89185462-b36031a8-2256893c [none]
[debug] [2025-06-06T03:08:37.683Z] <<< [apiv2][status] GET https://cloudfunctions.googleapis.com/v2/projects/yt-summary-app/locations/us-central1/operations/operation-1749179270976-636de89185462-b36031a8-2256893c 200
[debug] [2025-06-06T03:08:37.683Z] <<< [apiv2][body] GET https://cloudfunctions.googleapis.com/v2/projects/yt-summary-app/locations/us-central1/operations/operation-1749179270976-636de89185462-b36031a8-2256893c {"name":"projects/yt-summary-app/locations/us-central1/operations/operation-1749179270976-636de89185462-b36031a8-2256893c","metadata":{"@type":"type.googleapis.com/google.cloud.functions.v2.OperationMetadata","createTime":"2025-06-06T03:07:51.905222765Z","target":"projects/yt-summary-app/locations/us-central1/functions/ping","verb":"create","cancelRequested":false,"apiVersion":"v2","requestResource":{"@type":"type.googleapis.com/google.cloud.functions.v2.Function","name":"projects/yt-summary-app/locations/us-central1/functions/ping","buildConfig":{"runtime":"nodejs20","entryPoint":"ping","source":{"storageSource":{"bucket":"gcf-v2-sources-852027251434-us-central1","object":"ping/function-source.zip","generation":"1749179271647363"}},"environmentVariables":{"GOOGLE_NODE_RUN_SCRIPTS":""},"serviceAccount":"projects/yt-summary-app/serviceAccounts/852027251434-compute@developer.gserviceaccount.com","automaticUpdatePolicy":{}},"serviceConfig":{"service":"projects/yt-summary-app/locations/us-central1/services/ping","timeoutSeconds":60,"environmentVariables":{"FIREBASE_CONFIG":"{\"projectId\":\"yt-summary-app\",\"storageBucket\":\"yt-summary-app.firebasestorage.app\"}","GCLOUD_PROJECT":"yt-summary-app","EVENTARC_CLOUD_EVENT_SOURCE":"projects/yt-summary-app/locations/us-central1/services/ping","FUNCTION_TARGET":"ping","LOG_EXECUTION_ID":"true"},"ingressSettings":"ALLOW_ALL","serviceAccountEmail":"852027251434-compute@developer.gserviceaccount.com","availableMemory":"256Mi","maxInstanceRequestConcurrency":80,"availableCpu":"1"},"labels":{"deployment-tool":"cli-firebase","firebase-functions-hash":"ee9351818a26311cf21ba0116ca5ba7b9990d8a0"},"environment":"GEN_2"},"stages":[{"name":"BUILD","message":"Build in progress","state":"IN_PROGRESS","resource":"projects/852027251434/locations/us-central1/builds/15ac948d-74ba-4848-a60a-bf6673760b54","resourceUri":"https://console.cloud.google.com/cloud-build/builds;region=us-central1/15ac948d-74ba-4848-a60a-bf6673760b54?project=852027251434"},{"name":"SERVICE","state":"NOT_STARTED"}],"operationType":"CREATE_FUNCTION","buildName":"projects/852027251434/locations/us-central1/builds/15ac948d-74ba-4848-a60a-bf6673760b54"},"done":false}
[debug] [2025-06-06T03:08:47.688Z] [create-default-us-central1-ping] Retrying task index 0
[debug] [2025-06-06T03:08:47.689Z] Checked if tokens are valid: true, expires at: 1749181092242
[debug] [2025-06-06T03:08:47.689Z] Checked if tokens are valid: true, expires at: 1749181092242
[debug] [2025-06-06T03:08:47.689Z] >>> [apiv2][query] GET https://cloudfunctions.googleapis.com/v2/projects/yt-summary-app/locations/us-central1/operations/operation-1749179270976-636de89185462-b36031a8-2256893c [none]
[debug] [2025-06-06T03:08:48.972Z] <<< [apiv2][status] GET https://cloudfunctions.googleapis.com/v2/projects/yt-summary-app/locations/us-central1/operations/operation-1749179270976-636de89185462-b36031a8-2256893c 200
[debug] [2025-06-06T03:08:48.972Z] <<< [apiv2][body] GET https://cloudfunctions.googleapis.com/v2/projects/yt-summary-app/locations/us-central1/operations/operation-1749179270976-636de89185462-b36031a8-2256893c {"name":"projects/yt-summary-app/locations/us-central1/operations/operation-1749179270976-636de89185462-b36031a8-2256893c","metadata":{"@type":"type.googleapis.com/google.cloud.functions.v2.OperationMetadata","createTime":"2025-06-06T03:07:51.905222765Z","target":"projects/yt-summary-app/locations/us-central1/functions/ping","verb":"create","cancelRequested":false,"apiVersion":"v2","requestResource":{"@type":"type.googleapis.com/google.cloud.functions.v2.Function","name":"projects/yt-summary-app/locations/us-central1/functions/ping","buildConfig":{"runtime":"nodejs20","entryPoint":"ping","source":{"storageSource":{"bucket":"gcf-v2-sources-852027251434-us-central1","object":"ping/function-source.zip","generation":"1749179271647363"}},"environmentVariables":{"GOOGLE_NODE_RUN_SCRIPTS":""},"serviceAccount":"projects/yt-summary-app/serviceAccounts/852027251434-compute@developer.gserviceaccount.com","automaticUpdatePolicy":{}},"serviceConfig":{"service":"projects/yt-summary-app/locations/us-central1/services/ping","timeoutSeconds":60,"environmentVariables":{"FIREBASE_CONFIG":"{\"projectId\":\"yt-summary-app\",\"storageBucket\":\"yt-summary-app.firebasestorage.app\"}","GCLOUD_PROJECT":"yt-summary-app","EVENTARC_CLOUD_EVENT_SOURCE":"projects/yt-summary-app/locations/us-central1/services/ping","FUNCTION_TARGET":"ping","LOG_EXECUTION_ID":"true"},"ingressSettings":"ALLOW_ALL","serviceAccountEmail":"852027251434-compute@developer.gserviceaccount.com","availableMemory":"256Mi","maxInstanceRequestConcurrency":80,"availableCpu":"1"},"labels":{"deployment-tool":"cli-firebase","firebase-functions-hash":"ee9351818a26311cf21ba0116ca5ba7b9990d8a0"},"environment":"GEN_2"},"stages":[{"name":"BUILD","message":"Build in progress","state":"IN_PROGRESS","resource":"projects/852027251434/locations/us-central1/builds/15ac948d-74ba-4848-a60a-bf6673760b54","resourceUri":"https://console.cloud.google.com/cloud-build/builds;region=us-central1/15ac948d-74ba-4848-a60a-bf6673760b54?project=852027251434"},{"name":"SERVICE","state":"NOT_STARTED"}],"operationType":"CREATE_FUNCTION","buildName":"projects/852027251434/locations/us-central1/builds/15ac948d-74ba-4848-a60a-bf6673760b54"},"done":false}
[debug] [2025-06-06T03:08:58.977Z] [create-default-us-central1-ping] Retrying task index 0
[debug] [2025-06-06T03:08:58.977Z] Checked if tokens are valid: true, expires at: 1749181092242
[debug] [2025-06-06T03:08:58.977Z] Checked if tokens are valid: true, expires at: 1749181092242
[debug] [2025-06-06T03:08:58.977Z] >>> [apiv2][query] GET https://cloudfunctions.googleapis.com/v2/projects/yt-summary-app/locations/us-central1/operations/operation-1749179270976-636de89185462-b36031a8-2256893c [none]
[debug] [2025-06-06T03:09:00.254Z] <<< [apiv2][status] GET https://cloudfunctions.googleapis.com/v2/projects/yt-summary-app/locations/us-central1/operations/operation-1749179270976-636de89185462-b36031a8-2256893c 200
[debug] [2025-06-06T03:09:00.254Z] <<< [apiv2][body] GET https://cloudfunctions.googleapis.com/v2/projects/yt-summary-app/locations/us-central1/operations/operation-1749179270976-636de89185462-b36031a8-2256893c {"name":"projects/yt-summary-app/locations/us-central1/operations/operation-1749179270976-636de89185462-b36031a8-2256893c","metadata":{"@type":"type.googleapis.com/google.cloud.functions.v2.OperationMetadata","createTime":"2025-06-06T03:07:51.905222765Z","target":"projects/yt-summary-app/locations/us-central1/functions/ping","verb":"create","cancelRequested":false,"apiVersion":"v2","requestResource":{"@type":"type.googleapis.com/google.cloud.functions.v2.Function","name":"projects/yt-summary-app/locations/us-central1/functions/ping","buildConfig":{"runtime":"nodejs20","entryPoint":"ping","source":{"storageSource":{"bucket":"gcf-v2-sources-852027251434-us-central1","object":"ping/function-source.zip","generation":"1749179271647363"}},"environmentVariables":{"GOOGLE_NODE_RUN_SCRIPTS":""},"serviceAccount":"projects/yt-summary-app/serviceAccounts/852027251434-compute@developer.gserviceaccount.com","automaticUpdatePolicy":{}},"serviceConfig":{"service":"projects/yt-summary-app/locations/us-central1/services/ping","timeoutSeconds":60,"environmentVariables":{"FIREBASE_CONFIG":"{\"projectId\":\"yt-summary-app\",\"storageBucket\":\"yt-summary-app.firebasestorage.app\"}","GCLOUD_PROJECT":"yt-summary-app","EVENTARC_CLOUD_EVENT_SOURCE":"projects/yt-summary-app/locations/us-central1/services/ping","FUNCTION_TARGET":"ping","LOG_EXECUTION_ID":"true"},"ingressSettings":"ALLOW_ALL","serviceAccountEmail":"852027251434-compute@developer.gserviceaccount.com","availableMemory":"256Mi","maxInstanceRequestConcurrency":80,"availableCpu":"1"},"labels":{"deployment-tool":"cli-firebase","firebase-functions-hash":"ee9351818a26311cf21ba0116ca5ba7b9990d8a0"},"environment":"GEN_2"},"stages":[{"name":"BUILD","message":"Build in progress","state":"IN_PROGRESS","resource":"projects/852027251434/locations/us-central1/builds/15ac948d-74ba-4848-a60a-bf6673760b54","resourceUri":"https://console.cloud.google.com/cloud-build/builds;region=us-central1/15ac948d-74ba-4848-a60a-bf6673760b54?project=852027251434"},{"name":"SERVICE","state":"NOT_STARTED"}],"operationType":"CREATE_FUNCTION","buildName":"projects/852027251434/locations/us-central1/builds/15ac948d-74ba-4848-a60a-bf6673760b54"},"done":false}
[debug] [2025-06-06T03:09:10.259Z] [create-default-us-central1-ping] Retrying task index 0
[debug] [2025-06-06T03:09:10.259Z] Checked if tokens are valid: true, expires at: 1749181092242
[debug] [2025-06-06T03:09:10.259Z] Checked if tokens are valid: true, expires at: 1749181092242
[debug] [2025-06-06T03:09:10.259Z] >>> [apiv2][query] GET https://cloudfunctions.googleapis.com/v2/projects/yt-summary-app/locations/us-central1/operations/operation-1749179270976-636de89185462-b36031a8-2256893c [none]
[debug] [2025-06-06T03:09:11.508Z] <<< [apiv2][status] GET https://cloudfunctions.googleapis.com/v2/projects/yt-summary-app/locations/us-central1/operations/operation-1749179270976-636de89185462-b36031a8-2256893c 200
[debug] [2025-06-06T03:09:11.508Z] <<< [apiv2][body] GET https://cloudfunctions.googleapis.com/v2/projects/yt-summary-app/locations/us-central1/operations/operation-1749179270976-636de89185462-b36031a8-2256893c {"name":"projects/yt-summary-app/locations/us-central1/operations/operation-1749179270976-636de89185462-b36031a8-2256893c","metadata":{"@type":"type.googleapis.com/google.cloud.functions.v2.OperationMetadata","createTime":"2025-06-06T03:07:51.905222765Z","target":"projects/yt-summary-app/locations/us-central1/functions/ping","verb":"create","cancelRequested":false,"apiVersion":"v2","requestResource":{"@type":"type.googleapis.com/google.cloud.functions.v2.Function","name":"projects/yt-summary-app/locations/us-central1/functions/ping","buildConfig":{"runtime":"nodejs20","entryPoint":"ping","source":{"storageSource":{"bucket":"gcf-v2-sources-852027251434-us-central1","object":"ping/function-source.zip","generation":"1749179271647363"}},"environmentVariables":{"GOOGLE_NODE_RUN_SCRIPTS":""},"serviceAccount":"projects/yt-summary-app/serviceAccounts/852027251434-compute@developer.gserviceaccount.com","automaticUpdatePolicy":{}},"serviceConfig":{"service":"projects/yt-summary-app/locations/us-central1/services/ping","timeoutSeconds":60,"environmentVariables":{"FIREBASE_CONFIG":"{\"projectId\":\"yt-summary-app\",\"storageBucket\":\"yt-summary-app.firebasestorage.app\"}","GCLOUD_PROJECT":"yt-summary-app","EVENTARC_CLOUD_EVENT_SOURCE":"projects/yt-summary-app/locations/us-central1/services/ping","FUNCTION_TARGET":"ping","LOG_EXECUTION_ID":"true"},"ingressSettings":"ALLOW_ALL","serviceAccountEmail":"852027251434-compute@developer.gserviceaccount.com","availableMemory":"256Mi","maxInstanceRequestConcurrency":80,"availableCpu":"1"},"labels":{"deployment-tool":"cli-firebase","firebase-functions-hash":"ee9351818a26311cf21ba0116ca5ba7b9990d8a0"},"environment":"GEN_2"},"stages":[{"name":"BUILD","message":"Build in progress","state":"IN_PROGRESS","resource":"projects/852027251434/locations/us-central1/builds/15ac948d-74ba-4848-a60a-bf6673760b54","resourceUri":"https://console.cloud.google.com/cloud-build/builds;region=us-central1/15ac948d-74ba-4848-a60a-bf6673760b54?project=852027251434"},{"name":"SERVICE","state":"NOT_STARTED"}],"operationType":"CREATE_FUNCTION","buildName":"projects/852027251434/locations/us-central1/builds/15ac948d-74ba-4848-a60a-bf6673760b54"},"done":false}
[debug] [2025-06-06T03:09:21.513Z] [create-default-us-central1-ping] Retrying task index 0
[debug] [2025-06-06T03:09:21.514Z] Checked if tokens are valid: true, expires at: 1749181092242
[debug] [2025-06-06T03:09:21.514Z] Checked if tokens are valid: true, expires at: 1749181092242
[debug] [2025-06-06T03:09:21.514Z] >>> [apiv2][query] GET https://cloudfunctions.googleapis.com/v2/projects/yt-summary-app/locations/us-central1/operations/operation-1749179270976-636de89185462-b36031a8-2256893c [none]
[debug] [2025-06-06T03:09:22.756Z] <<< [apiv2][status] GET https://cloudfunctions.googleapis.com/v2/projects/yt-summary-app/locations/us-central1/operations/operation-1749179270976-636de89185462-b36031a8-2256893c 200
[debug] [2025-06-06T03:09:22.756Z] <<< [apiv2][body] GET https://cloudfunctions.googleapis.com/v2/projects/yt-summary-app/locations/us-central1/operations/operation-1749179270976-636de89185462-b36031a8-2256893c {"name":"projects/yt-summary-app/locations/us-central1/operations/operation-1749179270976-636de89185462-b36031a8-2256893c","metadata":{"@type":"type.googleapis.com/google.cloud.functions.v2.OperationMetadata","createTime":"2025-06-06T03:07:51.905222765Z","target":"projects/yt-summary-app/locations/us-central1/functions/ping","verb":"create","cancelRequested":false,"apiVersion":"v2","requestResource":{"@type":"type.googleapis.com/google.cloud.functions.v2.Function","name":"projects/yt-summary-app/locations/us-central1/functions/ping","buildConfig":{"runtime":"nodejs20","entryPoint":"ping","source":{"storageSource":{"bucket":"gcf-v2-sources-852027251434-us-central1","object":"ping/function-source.zip","generation":"1749179271647363"}},"environmentVariables":{"GOOGLE_NODE_RUN_SCRIPTS":""},"serviceAccount":"projects/yt-summary-app/serviceAccounts/852027251434-compute@developer.gserviceaccount.com","automaticUpdatePolicy":{}},"serviceConfig":{"service":"projects/yt-summary-app/locations/us-central1/services/ping","timeoutSeconds":60,"environmentVariables":{"FIREBASE_CONFIG":"{\"projectId\":\"yt-summary-app\",\"storageBucket\":\"yt-summary-app.firebasestorage.app\"}","GCLOUD_PROJECT":"yt-summary-app","EVENTARC_CLOUD_EVENT_SOURCE":"projects/yt-summary-app/locations/us-central1/services/ping","FUNCTION_TARGET":"ping","LOG_EXECUTION_ID":"true"},"ingressSettings":"ALLOW_ALL","serviceAccountEmail":"852027251434-compute@developer.gserviceaccount.com","availableMemory":"256Mi","maxInstanceRequestConcurrency":80,"availableCpu":"1"},"labels":{"deployment-tool":"cli-firebase","firebase-functions-hash":"ee9351818a26311cf21ba0116ca5ba7b9990d8a0"},"environment":"GEN_2"},"stages":[{"name":"BUILD","message":"Build finished","state":"COMPLETE","resource":"projects/852027251434/locations/us-central1/builds/15ac948d-74ba-4848-a60a-bf6673760b54","resourceUri":"https://console.cloud.google.com/cloud-build/builds;region=us-central1/15ac948d-74ba-4848-a60a-bf6673760b54?project=852027251434"},{"name":"SERVICE","message":"Creating Cloud Run service","state":"IN_PROGRESS","resource":"projects/yt-summary-app/locations/us-central1/services/ping","resourceUri":"https://console.cloud.google.com/run/detail/us-central1/ping?project=yt-summary-app"}],"sourceToken":"Cldwcm9qZWN0cy84NTIwMjcyNTE0MzQvbG9jYXRpb25zL3VzLWNlbnRyYWwxL2J1aWxkcy8xNWFjOTQ4ZC03NGJhLTQ4NDgtYTYwYS1iZjY2NzM3NjBiNTQSZnVzLWNlbnRyYWwxLWRvY2tlci5wa2cuZGV2L3l0LXN1bW1hcnktYXBwL2djZi1hcnRpZmFjdHMveXQtLXN1bW1hcnktLWFwcF9fdXMtLWNlbnRyYWwxX19waW5nOnZlcnNpb25fMRjqtaCG5hgiPHByb2plY3RzL3l0LXN1bW1hcnktYXBwL2xvY2F0aW9ucy91cy1jZW50cmFsMS9mdW5jdGlvbnMvcGluZyoMCNu3icIGEKCAhrYBMghub2RlanMyMDp2CiNnY3IuaW8vZ2FlLXJ1bnRpbWVzL25vZGVqczIwOnN0YWJsZRJPdXMtY2VudHJhbDEtZG9ja2VyLnBrZy5kZXYvc2VydmVybGVzcy1ydW50aW1lcy9nb29nbGUtMjItZnVsbC9ydW50aW1lcy9ub2RlanMyMEAB","operationType":"CREATE_FUNCTION","buildName":"projects/852027251434/locations/us-central1/builds/15ac948d-74ba-4848-a60a-bf6673760b54"},"done":false}
[debug] [2025-06-06T03:09:22.756Z] Got source token Cldwcm9qZWN0cy84NTIwMjcyNTE0MzQvbG9jYXRpb25zL3VzLWNlbnRyYWwxL2J1aWxkcy8xNWFjOTQ4ZC03NGJhLTQ4NDgtYTYwYS1iZjY2NzM3NjBiNTQSZnVzLWNlbnRyYWwxLWRvY2tlci5wa2cuZGV2L3l0LXN1bW1hcnktYXBwL2djZi1hcnRpZmFjdHMveXQtLXN1bW1hcnktLWFwcF9fdXMtLWNlbnRyYWwxX19waW5nOnZlcnNpb25fMRjqtaCG5hgiPHByb2plY3RzL3l0LXN1bW1hcnktYXBwL2xvY2F0aW9ucy91cy1jZW50cmFsMS9mdW5jdGlvbnMvcGluZyoMCNu3icIGEKCAhrYBMghub2RlanMyMDp2CiNnY3IuaW8vZ2FlLXJ1bnRpbWVzL25vZGVqczIwOnN0YWJsZRJPdXMtY2VudHJhbDEtZG9ja2VyLnBrZy5kZXYvc2VydmVybGVzcy1ydW50aW1lcy9nb29nbGUtMjItZnVsbC9ydW50aW1lcy9ub2RlanMyMEAB for region us-central1
[debug] [2025-06-06T03:09:32.762Z] [create-default-us-central1-ping] Retrying task index 0
[debug] [2025-06-06T03:09:32.762Z] Checked if tokens are valid: true, expires at: 1749181092242
[debug] [2025-06-06T03:09:32.762Z] Checked if tokens are valid: true, expires at: 1749181092242
[debug] [2025-06-06T03:09:32.762Z] >>> [apiv2][query] GET https://cloudfunctions.googleapis.com/v2/projects/yt-summary-app/locations/us-central1/operations/operation-1749179270976-636de89185462-b36031a8-2256893c [none]
[debug] [2025-06-06T03:09:34.015Z] <<< [apiv2][status] GET https://cloudfunctions.googleapis.com/v2/projects/yt-summary-app/locations/us-central1/operations/operation-1749179270976-636de89185462-b36031a8-2256893c 200
[debug] [2025-06-06T03:09:34.015Z] <<< [apiv2][body] GET https://cloudfunctions.googleapis.com/v2/projects/yt-summary-app/locations/us-central1/operations/operation-1749179270976-636de89185462-b36031a8-2256893c {"name":"projects/yt-summary-app/locations/us-central1/operations/operation-1749179270976-636de89185462-b36031a8-2256893c","metadata":{"@type":"type.googleapis.com/google.cloud.functions.v2.OperationMetadata","createTime":"2025-06-06T03:07:51.905222765Z","target":"projects/yt-summary-app/locations/us-central1/functions/ping","verb":"create","cancelRequested":false,"apiVersion":"v2","requestResource":{"@type":"type.googleapis.com/google.cloud.functions.v2.Function","name":"projects/yt-summary-app/locations/us-central1/functions/ping","buildConfig":{"runtime":"nodejs20","entryPoint":"ping","source":{"storageSource":{"bucket":"gcf-v2-sources-852027251434-us-central1","object":"ping/function-source.zip","generation":"1749179271647363"}},"environmentVariables":{"GOOGLE_NODE_RUN_SCRIPTS":""},"serviceAccount":"projects/yt-summary-app/serviceAccounts/852027251434-compute@developer.gserviceaccount.com","automaticUpdatePolicy":{}},"serviceConfig":{"service":"projects/yt-summary-app/locations/us-central1/services/ping","timeoutSeconds":60,"environmentVariables":{"FIREBASE_CONFIG":"{\"projectId\":\"yt-summary-app\",\"storageBucket\":\"yt-summary-app.firebasestorage.app\"}","GCLOUD_PROJECT":"yt-summary-app","EVENTARC_CLOUD_EVENT_SOURCE":"projects/yt-summary-app/locations/us-central1/services/ping","FUNCTION_TARGET":"ping","LOG_EXECUTION_ID":"true"},"ingressSettings":"ALLOW_ALL","serviceAccountEmail":"852027251434-compute@developer.gserviceaccount.com","availableMemory":"256Mi","maxInstanceRequestConcurrency":80,"availableCpu":"1"},"labels":{"deployment-tool":"cli-firebase","firebase-functions-hash":"ee9351818a26311cf21ba0116ca5ba7b9990d8a0"},"environment":"GEN_2"},"stages":[{"name":"BUILD","message":"Build finished","state":"COMPLETE","resource":"projects/852027251434/locations/us-central1/builds/15ac948d-74ba-4848-a60a-bf6673760b54","resourceUri":"https://console.cloud.google.com/cloud-build/builds;region=us-central1/15ac948d-74ba-4848-a60a-bf6673760b54?project=852027251434"},{"name":"SERVICE","message":"Creating Cloud Run service","state":"IN_PROGRESS","resource":"projects/yt-summary-app/locations/us-central1/services/ping","resourceUri":"https://console.cloud.google.com/run/detail/us-central1/ping?project=yt-summary-app"}],"sourceToken":"Cldwcm9qZWN0cy84NTIwMjcyNTE0MzQvbG9jYXRpb25zL3VzLWNlbnRyYWwxL2J1aWxkcy8xNWFjOTQ4ZC03NGJhLTQ4NDgtYTYwYS1iZjY2NzM3NjBiNTQSZnVzLWNlbnRyYWwxLWRvY2tlci5wa2cuZGV2L3l0LXN1bW1hcnktYXBwL2djZi1hcnRpZmFjdHMveXQtLXN1bW1hcnktLWFwcF9fdXMtLWNlbnRyYWwxX19waW5nOnZlcnNpb25fMRjqtaCG5hgiPHByb2plY3RzL3l0LXN1bW1hcnktYXBwL2xvY2F0aW9ucy91cy1jZW50cmFsMS9mdW5jdGlvbnMvcGluZyoMCNu3icIGEKCAhrYBMghub2RlanMyMDp2CiNnY3IuaW8vZ2FlLXJ1bnRpbWVzL25vZGVqczIwOnN0YWJsZRJPdXMtY2VudHJhbDEtZG9ja2VyLnBrZy5kZXYvc2VydmVybGVzcy1ydW50aW1lcy9nb29nbGUtMjItZnVsbC9ydW50aW1lcy9ub2RlanMyMEAB","operationType":"CREATE_FUNCTION","buildName":"projects/852027251434/locations/us-central1/builds/15ac948d-74ba-4848-a60a-bf6673760b54"},"done":false}
[debug] [2025-06-06T03:09:34.015Z] Got source token Cldwcm9qZWN0cy84NTIwMjcyNTE0MzQvbG9jYXRpb25zL3VzLWNlbnRyYWwxL2J1aWxkcy8xNWFjOTQ4ZC03NGJhLTQ4NDgtYTYwYS1iZjY2NzM3NjBiNTQSZnVzLWNlbnRyYWwxLWRvY2tlci5wa2cuZGV2L3l0LXN1bW1hcnktYXBwL2djZi1hcnRpZmFjdHMveXQtLXN1bW1hcnktLWFwcF9fdXMtLWNlbnRyYWwxX19waW5nOnZlcnNpb25fMRjqtaCG5hgiPHByb2plY3RzL3l0LXN1bW1hcnktYXBwL2xvY2F0aW9ucy91cy1jZW50cmFsMS9mdW5jdGlvbnMvcGluZyoMCNu3icIGEKCAhrYBMghub2RlanMyMDp2CiNnY3IuaW8vZ2FlLXJ1bnRpbWVzL25vZGVqczIwOnN0YWJsZRJPdXMtY2VudHJhbDEtZG9ja2VyLnBrZy5kZXYvc2VydmVybGVzcy1ydW50aW1lcy9nb29nbGUtMjItZnVsbC9ydW50aW1lcy9ub2RlanMyMEAB for region us-central1
[debug] [2025-06-06T03:09:44.021Z] [create-default-us-central1-ping] Retrying task index 0
[debug] [2025-06-06T03:09:44.021Z] Checked if tokens are valid: true, expires at: 1749181092242
[debug] [2025-06-06T03:09:44.022Z] Checked if tokens are valid: true, expires at: 1749181092242
[debug] [2025-06-06T03:09:44.022Z] >>> [apiv2][query] GET https://cloudfunctions.googleapis.com/v2/projects/yt-summary-app/locations/us-central1/operations/operation-1749179270976-636de89185462-b36031a8-2256893c [none]
[debug] [2025-06-06T03:09:45.269Z] <<< [apiv2][status] GET https://cloudfunctions.googleapis.com/v2/projects/yt-summary-app/locations/us-central1/operations/operation-1749179270976-636de89185462-b36031a8-2256893c 200
[debug] [2025-06-06T03:09:45.270Z] <<< [apiv2][body] GET https://cloudfunctions.googleapis.com/v2/projects/yt-summary-app/locations/us-central1/operations/operation-1749179270976-636de89185462-b36031a8-2256893c {"name":"projects/yt-summary-app/locations/us-central1/operations/operation-1749179270976-636de89185462-b36031a8-2256893c","metadata":{"@type":"type.googleapis.com/google.cloud.functions.v2.OperationMetadata","createTime":"2025-06-06T03:07:51.905222765Z","endTime":"2025-06-06T03:09:43.659484292Z","target":"projects/yt-summary-app/locations/us-central1/functions/ping","verb":"create","cancelRequested":false,"apiVersion":"v2","requestResource":{"@type":"type.googleapis.com/google.cloud.functions.v2.Function","name":"projects/yt-summary-app/locations/us-central1/functions/ping","buildConfig":{"runtime":"nodejs20","entryPoint":"ping","source":{"storageSource":{"bucket":"gcf-v2-sources-852027251434-us-central1","object":"ping/function-source.zip","generation":"1749179271647363"}},"environmentVariables":{"GOOGLE_NODE_RUN_SCRIPTS":""},"serviceAccount":"projects/yt-summary-app/serviceAccounts/852027251434-compute@developer.gserviceaccount.com","automaticUpdatePolicy":{}},"serviceConfig":{"service":"projects/yt-summary-app/locations/us-central1/services/ping","timeoutSeconds":60,"environmentVariables":{"FIREBASE_CONFIG":"{\"projectId\":\"yt-summary-app\",\"storageBucket\":\"yt-summary-app.firebasestorage.app\"}","GCLOUD_PROJECT":"yt-summary-app","EVENTARC_CLOUD_EVENT_SOURCE":"projects/yt-summary-app/locations/us-central1/services/ping","FUNCTION_TARGET":"ping","LOG_EXECUTION_ID":"true"},"ingressSettings":"ALLOW_ALL","serviceAccountEmail":"852027251434-compute@developer.gserviceaccount.com","availableMemory":"256Mi","maxInstanceRequestConcurrency":80,"availableCpu":"1"},"labels":{"deployment-tool":"cli-firebase","firebase-functions-hash":"ee9351818a26311cf21ba0116ca5ba7b9990d8a0"},"environment":"GEN_2"},"stages":[{"name":"BUILD","message":"Build finished","state":"COMPLETE","resource":"projects/852027251434/locations/us-central1/builds/15ac948d-74ba-4848-a60a-bf6673760b54","resourceUri":"https://console.cloud.google.com/cloud-build/builds;region=us-central1/15ac948d-74ba-4848-a60a-bf6673760b54?project=852027251434"},{"name":"SERVICE","message":"Creating Cloud Run service","state":"COMPLETE","resource":"projects/yt-summary-app/locations/us-central1/services/ping","resourceUri":"https://console.cloud.google.com/run/detail/us-central1/ping?project=yt-summary-app"}],"sourceToken":"Cldwcm9qZWN0cy84NTIwMjcyNTE0MzQvbG9jYXRpb25zL3VzLWNlbnRyYWwxL2J1aWxkcy8xNWFjOTQ4ZC03NGJhLTQ4NDgtYTYwYS1iZjY2NzM3NjBiNTQSZnVzLWNlbnRyYWwxLWRvY2tlci5wa2cuZGV2L3l0LXN1bW1hcnktYXBwL2djZi1hcnRpZmFjdHMveXQtLXN1bW1hcnktLWFwcF9fdXMtLWNlbnRyYWwxX19waW5nOnZlcnNpb25fMRjqtaCG5hgiPHByb2plY3RzL3l0LXN1bW1hcnktYXBwL2xvY2F0aW9ucy91cy1jZW50cmFsMS9mdW5jdGlvbnMvcGluZyoMCNu3icIGEKCAhrYBMghub2RlanMyMDp2CiNnY3IuaW8vZ2FlLXJ1bnRpbWVzL25vZGVqczIwOnN0YWJsZRJPdXMtY2VudHJhbDEtZG9ja2VyLnBrZy5kZXYvc2VydmVybGVzcy1ydW50aW1lcy9nb29nbGUtMjItZnVsbC9ydW50aW1lcy9ub2RlanMyMEAB","operationType":"CREATE_FUNCTION","buildName":"projects/852027251434/locations/us-central1/builds/15ac948d-74ba-4848-a60a-bf6673760b54"},"done":true,"response":{"@type":"type.googleapis.com/google.cloud.functions.v2.Function","name":"projects/yt-summary-app/locations/us-central1/functions/ping","buildConfig":{"build":"projects/852027251434/locations/us-central1/builds/15ac948d-74ba-4848-a60a-bf6673760b54","runtime":"nodejs20","entryPoint":"ping","source":{"storageSource":{"bucket":"gcf-v2-sources-852027251434-us-central1","object":"ping/function-source.zip","generation":"1749179271647363"}},"environmentVariables":{"GOOGLE_NODE_RUN_SCRIPTS":""},"dockerRepository":"projects/yt-summary-app/locations/us-central1/repositories/gcf-artifacts","sourceProvenance":{"resolvedStorageSource":{"bucket":"gcf-v2-sources-852027251434-us-central1","object":"ping/function-source.zip","generation":"1749179271647363"}},"dockerRegistry":"ARTIFACT_REGISTRY","serviceAccount":"projects/yt-summary-app/serviceAccounts/852027251434-compute@developer.gserviceaccount.com","automaticUpdatePolicy":{}},"serviceConfig":{"service":"projects/yt-summary-app/locations/us-central1/services/ping","timeoutSeconds":60,"environmentVariables":{"FIREBASE_CONFIG":"{\"projectId\":\"yt-summary-app\",\"storageBucket\":\"yt-summary-app.firebasestorage.app\"}","GCLOUD_PROJECT":"yt-summary-app","EVENTARC_CLOUD_EVENT_SOURCE":"projects/yt-summary-app/locations/us-central1/services/ping","FUNCTION_TARGET":"ping","LOG_EXECUTION_ID":"true"},"maxInstanceCount":40,"ingressSettings":"ALLOW_ALL","uri":"https://ping-cpldmo36ya-uc.a.run.app","serviceAccountEmail":"852027251434-compute@developer.gserviceaccount.com","availableMemory":"256Mi","allTrafficOnLatestRevision":true,"revision":"ping-00001-vic","maxInstanceRequestConcurrency":80,"availableCpu":"1"},"state":"ACTIVE","updateTime":"2025-06-06T03:07:51.901294246Z","labels":{"deployment-tool":"cli-firebase","firebase-functions-hash":"ee9351818a26311cf21ba0116ca5ba7b9990d8a0"},"environment":"GEN_2","url":"https://us-central1-yt-summary-app.cloudfunctions.net/ping","createTime":"2025-06-06T03:07:51.901294246Z","satisfiesPzi":true}}
[debug] [2025-06-06T03:09:45.271Z] Got source token Cldwcm9qZWN0cy84NTIwMjcyNTE0MzQvbG9jYXRpb25zL3VzLWNlbnRyYWwxL2J1aWxkcy8xNWFjOTQ4ZC03NGJhLTQ4NDgtYTYwYS1iZjY2NzM3NjBiNTQSZnVzLWNlbnRyYWwxLWRvY2tlci5wa2cuZGV2L3l0LXN1bW1hcnktYXBwL2djZi1hcnRpZmFjdHMveXQtLXN1bW1hcnktLWFwcF9fdXMtLWNlbnRyYWwxX19waW5nOnZlcnNpb25fMRjqtaCG5hgiPHByb2plY3RzL3l0LXN1bW1hcnktYXBwL2xvY2F0aW9ucy91cy1jZW50cmFsMS9mdW5jdGlvbnMvcGluZyoMCNu3icIGEKCAhrYBMghub2RlanMyMDp2CiNnY3IuaW8vZ2FlLXJ1bnRpbWVzL25vZGVqczIwOnN0YWJsZRJPdXMtY2VudHJhbDEtZG9ja2VyLnBrZy5kZXYvc2VydmVybGVzcy1ydW50aW1lcy9nb29nbGUtMjItZnVsbC9ydW50aW1lcy9ub2RlanMyMEAB for region us-central1
[debug] [2025-06-06T03:09:45.271Z] Checked if tokens are valid: true, expires at: 1749181092242
[debug] [2025-06-06T03:09:45.271Z] Checked if tokens are valid: true, expires at: 1749181092242
[debug] [2025-06-06T03:09:45.272Z] >>> [apiv2][query] POST https://run.googleapis.com/v1/projects/yt-summary-app/locations/us-central1/services/ping:setIamPolicy [none]
[debug] [2025-06-06T03:09:45.272Z] >>> [apiv2][body] POST https://run.googleapis.com/v1/projects/yt-summary-app/locations/us-central1/services/ping:setIamPolicy {"policy":{"bindings":[{"role":"roles/run.invoker","members":["allUsers"]}],"etag":"","version":3},"updateMask":"bindings,etag,version"}
[debug] [2025-06-06T03:09:46.651Z] <<< [apiv2][status] POST https://run.googleapis.com/v1/projects/yt-summary-app/locations/us-central1/services/ping:setIamPolicy 200
[debug] [2025-06-06T03:09:46.651Z] <<< [apiv2][body] POST https://run.googleapis.com/v1/projects/yt-summary-app/locations/us-central1/services/ping:setIamPolicy {"version":1,"etag":"BwY23o/8KJs=","bindings":[{"role":"roles/run.invoker","members":["allUsers"]}]}
[info] ✔  functions[ping(us-central1)] Successful create operation. 
[debug] [2025-06-06T03:09:46.661Z] Total Function Deployment time: 116849
[debug] [2025-06-06T03:09:46.661Z] 1 Functions Deployed
[debug] [2025-06-06T03:09:46.661Z] 0 Functions Errored
[debug] [2025-06-06T03:09:46.661Z] 0 Function Deployments Aborted
[debug] [2025-06-06T03:09:46.661Z] Average Function Deployment time: 116849
[info] Function URL (ping(us-central1)): https://us-central1-yt-summary-app.cloudfunctions.net/ping
[debug] [2025-06-06T03:09:46.676Z] Checked if tokens are valid: true, expires at: 1749181092242
[debug] [2025-06-06T03:09:46.676Z] Checked if tokens are valid: true, expires at: 1749181092242
[debug] [2025-06-06T03:09:46.676Z] >>> [apiv2][query] GET https://artifactregistry.googleapis.com/v1/projects/yt-summary-app/locations/us-central1/repositories/gcf-artifacts [none]
[debug] [2025-06-06T03:09:47.980Z] <<< [apiv2][status] GET https://artifactregistry.googleapis.com/v1/projects/yt-summary-app/locations/us-central1/repositories/gcf-artifacts 200
[debug] [2025-06-06T03:09:47.980Z] <<< [apiv2][body] GET https://artifactregistry.googleapis.com/v1/projects/yt-summary-app/locations/us-central1/repositories/gcf-artifacts {"name":"projects/yt-summary-app/locations/us-central1/repositories/gcf-artifacts","format":"DOCKER","description":"This repository is created and used by Cloud Functions for storing function docker images.","labels":{"goog-managed-by":"cloudfunctions"},"createTime":"2025-06-06T03:08:07.033748Z","updateTime":"2025-06-06T03:09:07.119454Z","mode":"STANDARD_REPOSITORY","sizeBytes":"86297843","vulnerabilityScanningConfig":{"lastEnableTime":"2025-06-06T03:07:52.082861893Z","enablementState":"SCANNING_DISABLED","enablementStateReason":"API containerscanning.googleapis.com is not enabled."},"satisfiesPzi":true,"registryUri":"us-central1-docker.pkg.dev/yt-summary-app/gcf-artifacts"}
[warn] ⚠  functions: No cleanup policy detected for repositories in us-central1. This may result in a small monthly bill as container images accumulate over time. 
